<?xml version="1.0" encoding="UTF-8"?>
<coverage generated="1779237935133" clover="3.2.0">
  <project timestamp="1779237935134" name="All files">
    <metrics statements="567" coveredstatements="490" conditionals="500" coveredconditionals="353" methods="208" coveredmethods="156" elements="1275" coveredelements="999" complexity="0" loc="567" ncloc="567" packages="9" files="32" classes="32"/>
    <package name="src">
      <metrics statements="1" coveredstatements="1" conditionals="0" coveredconditionals="0" methods="1" coveredmethods="1"/>
      <file name="App.jsx" path="E:\Cesde\Proyecto integrador\Sound_Stream\src\App.jsx">
        <metrics statements="1" coveredstatements="1" conditionals="0" coveredconditionals="0" methods="1" coveredmethods="1"/>
        <line num="5" count="1" type="stmt"/>
      </file>
    </package>
    <package name="src.components.context">
      <metrics statements="109" coveredstatements="96" conditionals="54" coveredconditionals="32" methods="20" coveredmethods="17"/>
      <file name="PlayerContext.jsx" path="E:\Cesde\Proyecto integrador\Sound_Stream\src\components\context\PlayerContext.jsx">
        <metrics statements="90" coveredstatements="77" conditionals="44" coveredconditionals="24" methods="14" coveredmethods="11"/>
        <line num="4" count="7" type="stmt"/>
        <line num="8" count="61" type="stmt"/>
        <line num="9" count="61" type="stmt"/>
        <line num="10" count="61" type="stmt"/>
        <line num="11" count="61" type="stmt"/>
        <line num="12" count="61" type="stmt"/>
        <line num="13" count="61" type="stmt"/>
        <line num="14" count="61" type="stmt"/>
        <line num="15" count="61" type="stmt"/>
        <line num="18" count="61" type="stmt"/>
        <line num="21" count="61" type="stmt"/>
        <line num="22" count="24" type="stmt"/>
        <line num="23" count="24" type="stmt"/>
        <line num="26" count="24" type="stmt"/>
        <line num="28" count="24" type="stmt"/>
        <line num="29" count="0" type="stmt"/>
        <line num="32" count="24" type="stmt"/>
        <line num="33" count="7" type="stmt"/>
        <line num="36" count="24" type="stmt"/>
        <line num="37" count="0" type="stmt"/>
        <line num="40" count="24" type="stmt"/>
        <line num="41" count="24" type="stmt"/>
        <line num="42" count="24" type="stmt"/>
        <line num="44" count="24" type="stmt"/>
        <line num="45" count="21" type="stmt"/>
        <line num="46" count="21" type="stmt"/>
        <line num="47" count="21" type="stmt"/>
        <line num="48" count="21" type="stmt"/>
        <line num="49" count="21" type="stmt"/>
        <line num="54" count="61" type="stmt"/>
        <line num="55" count="25" type="cond" truecount="1" falsecount="1"/>
        <line num="56" count="25" type="stmt"/>
        <line num="61" count="61" type="cond" truecount="2" falsecount="0"/>
        <line num="62" count="8" type="cond" truecount="1" falsecount="1"/>
        <line num="63" count="0" type="stmt"/>
        <line num="64" count="0" type="stmt"/>
        <line num="68" count="8" type="cond" truecount="2" falsecount="2"/>
        <line num="69" count="0" type="stmt"/>
        <line num="70" count="0" type="stmt"/>
        <line num="71" count="0" type="stmt"/>
        <line num="75" count="8" type="stmt"/>
        <line num="76" count="8" type="stmt"/>
        <line num="77" count="8" type="stmt"/>
        <line num="79" count="8" type="cond" truecount="1" falsecount="1"/>
        <line num="80" count="8" type="stmt"/>
        <line num="81" count="8" type="stmt"/>
        <line num="82" count="8" type="stmt"/>
        <line num="83" count="8" type="stmt"/>
        <line num="87" count="8" type="cond" truecount="2" falsecount="0"/>
        <line num="88" count="8" type="stmt"/>
        <line num="92" count="61" type="stmt"/>
        <line num="93" count="2" type="cond" truecount="3" falsecount="1"/>
        <line num="95" count="2" type="cond" truecount="2" falsecount="0"/>
        <line num="96" count="1" type="stmt"/>
        <line num="97" count="1" type="stmt"/>
        <line num="99" count="1" type="stmt"/>
        <line num="100" count="1" type="stmt"/>
        <line num="105" count="61" type="stmt"/>
        <line num="106" count="1" type="cond" truecount="1" falsecount="1"/>
        <line num="108" count="1" type="stmt"/>
        <line num="109" count="1" type="stmt"/>
        <line num="111" count="1" type="cond" truecount="1" falsecount="1"/>
        <line num="112" count="1" type="stmt"/>
        <line num="117" count="61" type="stmt"/>
        <line num="118" count="1" type="cond" truecount="1" falsecount="1"/>
        <line num="120" count="1" type="stmt"/>
        <line num="121" count="1" type="stmt"/>
        <line num="123" count="1" type="cond" truecount="1" falsecount="1"/>
        <line num="124" count="1" type="stmt"/>
        <line num="129" count="61" type="stmt"/>
        <line num="130" count="0" type="cond" truecount="0" falsecount="4"/>
        <line num="131" count="0" type="stmt"/>
        <line num="132" count="0" type="stmt"/>
        <line num="137" count="61" type="stmt"/>
        <line num="138" count="1" type="cond" truecount="1" falsecount="1"/>
        <line num="140" count="1" type="stmt"/>
        <line num="141" count="1" type="stmt"/>
        <line num="144" count="1" type="cond" truecount="2" falsecount="0"/>
        <line num="145" count="1" type="cond" truecount="1" falsecount="1"/>
        <line num="146" count="1" type="cond" truecount="1" falsecount="1"/>
        <line num="147" count="1" type="stmt"/>
        <line num="150" count="0" type="stmt"/>
        <line num="151" count="0" type="cond" truecount="0" falsecount="2"/>
        <line num="153" count="1" type="stmt"/>
        <line num="156" count="61" type="stmt"/>
        <line num="172" count="61" type="stmt"/>
        <line num="180" count="194" type="stmt"/>
        <line num="181" count="194" type="cond" truecount="1" falsecount="1"/>
        <line num="182" count="0" type="stmt"/>
        <line num="184" count="194" type="stmt"/>
      </file>
      <file name="ThemeContext.jsx" path="E:\Cesde\Proyecto integrador\Sound_Stream\src\components\context\ThemeContext.jsx">
        <metrics statements="19" coveredstatements="19" conditionals="10" coveredconditionals="8" methods="6" coveredmethods="6"/>
        <line num="3" count="5" type="stmt"/>
        <line num="7" count="53" type="stmt"/>
        <line num="8" count="26" type="stmt"/>
        <line num="9" count="26" type="cond" truecount="2" falsecount="0"/>
        <line num="10" count="21" type="cond" truecount="1" falsecount="1"/>
        <line num="13" count="53" type="stmt"/>
        <line num="16" count="53" type="stmt"/>
        <line num="17" count="28" type="stmt"/>
        <line num="18" count="28" type="cond" truecount="2" falsecount="0"/>
        <line num="19" count="3" type="stmt"/>
        <line num="21" count="25" type="stmt"/>
        <line num="23" count="28" type="stmt"/>
        <line num="26" count="53" type="stmt"/>
        <line num="27" count="2" type="cond" truecount="1" falsecount="1"/>
        <line num="30" count="53" type="stmt"/>
        <line num="38" count="72" type="stmt"/>
        <line num="39" count="72" type="cond" truecount="2" falsecount="0"/>
        <line num="40" count="2" type="stmt"/>
        <line num="42" count="69" type="stmt"/>
      </file>
    </package>
    <package name="src.components.layout">
      <metrics statements="10" coveredstatements="10" conditionals="20" coveredconditionals="18" methods="6" coveredmethods="6"/>
      <file name="Footer.jsx" path="E:\Cesde\Proyecto integrador\Sound_Stream\src\components\layout\Footer.jsx">
        <metrics statements="1" coveredstatements="1" conditionals="0" coveredconditionals="0" methods="1" coveredmethods="1"/>
        <line num="2" count="39" type="stmt"/>
      </file>
      <file name="MainLayout.jsx" path="E:\Cesde\Proyecto integrador\Sound_Stream\src\components\layout\MainLayout.jsx">
        <metrics statements="1" coveredstatements="1" conditionals="0" coveredconditionals="0" methods="1" coveredmethods="1"/>
        <line num="9" count="39" type="stmt"/>
      </file>
      <file name="Navbar.jsx" path="E:\Cesde\Proyecto integrador\Sound_Stream\src\components\layout\Navbar.jsx">
        <metrics statements="6" coveredstatements="6" conditionals="12" coveredconditionals="11" methods="3" coveredmethods="3"/>
        <line num="5" count="41" type="stmt"/>
        <line num="6" count="41" type="stmt"/>
        <line num="9" count="41" type="cond" truecount="2" falsecount="0"/>
        <line num="11" count="41" type="stmt"/>
        <line num="16" count="1" type="stmt"/>
        <line num="21" count="1" type="stmt"/>
      </file>
      <file name="Sidebar.jsx" path="E:\Cesde\Proyecto integrador\Sound_Stream\src\components\layout\Sidebar.jsx">
        <metrics statements="2" coveredstatements="2" conditionals="8" coveredconditionals="7" methods="1" coveredmethods="1"/>
        <line num="4" count="40" type="stmt"/>
        <line num="6" count="40" type="stmt"/>
      </file>
    </package>
    <package name="src.components.music">
      <metrics statements="119" coveredstatements="99" conditionals="158" coveredconditionals="102" methods="43" coveredmethods="31"/>
      <file name="AlbumCard.jsx" path="E:\Cesde\Proyecto integrador\Sound_Stream\src\components\music\AlbumCard.jsx">
        <metrics statements="4" coveredstatements="4" conditionals="12" coveredconditionals="7" methods="2" coveredmethods="2"/>
        <line num="2" count="5" type="cond" truecount="1" falsecount="1"/>
        <line num="3" count="5" type="cond" truecount="1" falsecount="1"/>
        <line num="5" count="5" type="stmt"/>
        <line num="7" count="1" type="stmt"/>
      </file>
      <file name="ArtistCard.jsx" path="E:\Cesde\Proyecto integrador\Sound_Stream\src\components\music\ArtistCard.jsx">
        <metrics statements="6" coveredstatements="5" conditionals="8" coveredconditionals="5" methods="4" coveredmethods="3"/>
        <line num="3" count="8" type="cond" truecount="1" falsecount="1"/>
        <line num="4" count="1" type="stmt"/>
        <line num="7" count="1" type="cond" truecount="1" falsecount="1"/>
        <line num="8" count="2" type="cond" truecount="1" falsecount="1"/>
        <line num="10" count="1" type="stmt"/>
        <line num="12" count="0" type="stmt"/>
      </file>
      <file name="ModalAgregarPlaylist.jsx" path="E:\Cesde\Proyecto integrador\Sound_Stream\src\components\music\ModalAgregarPlaylist.jsx">
        <metrics statements="20" coveredstatements="17" conditionals="12" coveredconditionals="9" methods="8" coveredmethods="6"/>
        <line num="5" count="5" type="stmt"/>
        <line num="6" count="5" type="stmt"/>
        <line num="8" count="5" type="cond" truecount="1" falsecount="1"/>
        <line num="10" count="5" type="stmt"/>
        <line num="11" count="2" type="stmt"/>
        <line num="12" count="2" type="stmt"/>
        <line num="13" count="2" type="stmt"/>
        <line num="14" count="2" type="stmt"/>
        <line num="16" count="0" type="stmt"/>
        <line num="19" count="2" type="stmt"/>
        <line num="22" count="5" type="stmt"/>
        <line num="23" count="1" type="stmt"/>
        <line num="24" count="1" type="stmt"/>
        <line num="32" count="1" type="stmt"/>
        <line num="33" count="1" type="stmt"/>
        <line num="35" count="0" type="stmt"/>
        <line num="36" count="0" type="stmt"/>
        <line num="40" count="5" type="stmt"/>
        <line num="59" count="3" type="stmt"/>
        <line num="61" count="1" type="stmt"/>
      </file>
      <file name="ModalVerAlbum.jsx" path="E:\Cesde\Proyecto integrador\Sound_Stream\src\components\music\ModalVerAlbum.jsx">
        <metrics statements="29" coveredstatements="23" conditionals="48" coveredconditionals="28" methods="10" coveredmethods="7"/>
        <line num="6" count="2" type="stmt"/>
        <line num="7" count="2" type="stmt"/>
        <line num="8" count="2" type="stmt"/>
        <line num="9" count="2" type="stmt"/>
        <line num="11" count="2" type="stmt"/>
        <line num="12" count="1" type="stmt"/>
        <line num="16" count="2" type="stmt"/>
        <line num="17" count="1" type="stmt"/>
        <line num="19" count="0" type="stmt"/>
        <line num="20" count="1" type="stmt"/>
        <line num="23" count="2" type="stmt"/>
        <line num="24" count="0" type="stmt"/>
        <line num="25" count="0" type="cond" truecount="0" falsecount="2"/>
        <line num="26" count="0" type="stmt"/>
        <line num="28" count="0" type="stmt"/>
        <line num="32" count="2" type="stmt"/>
        <line num="33" count="1" type="cond" truecount="1" falsecount="1"/>
        <line num="34" count="1" type="stmt"/>
        <line num="35" count="1" type="stmt"/>
        <line num="36" count="1" type="stmt"/>
        <line num="37" count="1" type="stmt"/>
        <line num="40" count="2" type="cond" truecount="1" falsecount="1"/>
        <line num="41" count="2" type="cond" truecount="1" falsecount="1"/>
        <line num="43" count="2" type="stmt"/>
        <line num="94" count="1" type="stmt"/>
        <line num="95" count="1" type="cond" truecount="1" falsecount="1"/>
        <line num="96" count="1" type="stmt"/>
        <line num="98" count="1" type="stmt"/>
        <line num="101" count="0" type="cond" truecount="0" falsecount="2"/>
      </file>
      <file name="ModalVerPlaylist.jsx" path="E:\Cesde\Proyecto integrador\Sound_Stream\src\components\music\ModalVerPlaylist.jsx">
        <metrics statements="40" coveredstatements="32" conditionals="37" coveredconditionals="23" methods="12" coveredmethods="8"/>
        <line num="6" count="5" type="stmt"/>
        <line num="7" count="5" type="stmt"/>
        <line num="8" count="5" type="stmt"/>
        <line num="9" count="5" type="stmt"/>
        <line num="11" count="5" type="stmt"/>
        <line num="12" count="2" type="stmt"/>
        <line num="13" count="2" type="stmt"/>
        <line num="14" count="2" type="stmt"/>
        <line num="15" count="2" type="stmt"/>
        <line num="17" count="0" type="stmt"/>
        <line num="19" count="2" type="stmt"/>
        <line num="22" count="2" type="stmt"/>
        <line num="25" count="5" type="stmt"/>
        <line num="26" count="1" type="stmt"/>
        <line num="27" count="1" type="stmt"/>
        <line num="28" count="1" type="stmt"/>
        <line num="29" count="1" type="stmt"/>
        <line num="30" count="1" type="stmt"/>
        <line num="31" count="1" type="stmt"/>
        <line num="32" count="1" type="stmt"/>
        <line num="33" count="1" type="cond" truecount="1" falsecount="1"/>
        <line num="35" count="0" type="stmt"/>
        <line num="36" count="0" type="stmt"/>
        <line num="40" count="5" type="stmt"/>
        <line num="41" count="0" type="stmt"/>
        <line num="42" count="0" type="cond" truecount="0" falsecount="2"/>
        <line num="43" count="0" type="stmt"/>
        <line num="45" count="0" type="stmt"/>
        <line num="49" count="5" type="stmt"/>
        <line num="50" count="1" type="cond" truecount="1" falsecount="1"/>
        <line num="51" count="1" type="stmt"/>
        <line num="52" count="1" type="stmt"/>
        <line num="53" count="1" type="stmt"/>
        <line num="54" count="1" type="stmt"/>
        <line num="57" count="5" type="stmt"/>
        <line num="107" count="1" type="stmt"/>
        <line num="108" count="1" type="cond" truecount="1" falsecount="1"/>
        <line num="110" count="1" type="stmt"/>
        <line num="113" count="0" type="stmt"/>
        <line num="160" count="1" type="stmt"/>
      </file>
      <file name="SongCard.jsx" path="E:\Cesde\Proyecto integrador\Sound_Stream\src\components\music\SongCard.jsx">
        <metrics statements="16" coveredstatements="14" conditionals="36" coveredconditionals="25" methods="5" coveredmethods="3"/>
        <line num="6" count="15" type="stmt"/>
        <line num="7" count="15" type="stmt"/>
        <line num="8" count="15" type="stmt"/>
        <line num="10" count="15" type="stmt"/>
        <line num="11" count="1" type="cond" truecount="1" falsecount="1"/>
        <line num="16" count="15" type="stmt"/>
        <line num="17" count="15" type="cond" truecount="1" falsecount="1"/>
        <line num="18" count="15" type="stmt"/>
        <line num="19" count="15" type="stmt"/>
        <line num="20" count="15" type="stmt"/>
        <line num="21" count="15" type="stmt"/>
        <line num="24" count="15" type="cond" truecount="1" falsecount="2"/>
        <line num="25" count="15" type="cond" truecount="1" falsecount="1"/>
        <line num="27" count="15" type="stmt"/>
        <line num="87" count="0" type="stmt"/>
        <line num="104" count="0" type="stmt"/>
      </file>
      <file name="SongList.jsx" path="E:\Cesde\Proyecto integrador\Sound_Stream\src\components\music\SongList.jsx">
        <metrics statements="4" coveredstatements="4" conditionals="5" coveredconditionals="5" methods="2" coveredmethods="2"/>
        <line num="9" count="14" type="cond" truecount="2" falsecount="0"/>
        <line num="10" count="1" type="stmt"/>
        <line num="21" count="13" type="stmt"/>
        <line num="24" count="13" type="stmt"/>
      </file>
    </package>
    <package name="src.components.pages">
      <metrics statements="275" coveredstatements="232" conditionals="188" coveredconditionals="139" methods="120" coveredmethods="84"/>
      <file name="Biblioteca.jsx" path="E:\Cesde\Proyecto integrador\Sound_Stream\src\components\pages\Biblioteca.jsx">
        <metrics statements="54" coveredstatements="47" conditionals="32" coveredconditionals="25" methods="25" coveredmethods="17"/>
        <line num="10" count="2" type="stmt"/>
        <line num="19" count="2" type="stmt"/>
        <line num="29" count="4" type="stmt"/>
        <line num="30" count="4" type="stmt"/>
        <line num="31" count="4" type="stmt"/>
        <line num="33" count="4" type="stmt"/>
        <line num="34" count="1" type="cond" truecount="1" falsecount="1"/>
        <line num="35" count="1" type="stmt"/>
        <line num="36" count="1" type="stmt"/>
        <line num="40" count="1" type="stmt"/>
        <line num="41" count="1" type="stmt"/>
        <line num="43" count="0" type="stmt"/>
        <line num="47" count="4" type="stmt"/>
        <line num="55" count="1" type="stmt"/>
        <line num="59" count="1" type="stmt"/>
        <line num="63" count="1" type="stmt"/>
        <line num="78" count="9" type="stmt"/>
        <line num="79" count="9" type="stmt"/>
        <line num="80" count="9" type="stmt"/>
        <line num="81" count="9" type="stmt"/>
        <line num="82" count="9" type="stmt"/>
        <line num="83" count="9" type="stmt"/>
        <line num="85" count="9" type="cond" truecount="1" falsecount="1"/>
        <line num="86" count="9" type="stmt"/>
        <line num="88" count="9" type="stmt"/>
        <line num="89" count="2" type="stmt"/>
        <line num="90" count="2" type="cond" truecount="1" falsecount="1"/>
        <line num="91" count="2" type="stmt"/>
        <line num="92" count="2" type="stmt"/>
        <line num="93" count="2" type="stmt"/>
        <line num="94" count="2" type="stmt"/>
        <line num="96" count="0" type="stmt"/>
        <line num="98" count="2" type="stmt"/>
        <line num="101" count="2" type="stmt"/>
        <line num="104" count="9" type="stmt"/>
        <line num="105" count="1" type="stmt"/>
        <line num="106" count="1" type="stmt"/>
        <line num="107" count="1" type="stmt"/>
        <line num="110" count="9" type="stmt"/>
        <line num="111" count="1" type="stmt"/>
        <line num="112" count="1" type="stmt"/>
        <line num="113" count="1" type="stmt"/>
        <line num="114" count="1" type="stmt"/>
        <line num="115" count="1" type="stmt"/>
        <line num="117" count="0" type="stmt"/>
        <line num="118" count="0" type="stmt"/>
        <line num="122" count="9" type="stmt"/>
        <line num="135" count="0" type="stmt"/>
        <line num="141" count="0" type="stmt"/>
        <line num="149" count="1" type="stmt"/>
        <line num="176" count="2" type="stmt"/>
        <line num="190" count="1" type="stmt"/>
        <line num="218" count="0" type="stmt"/>
        <line num="228" count="1" type="stmt"/>
      </file>
      <file name="Buscar.jsx" path="E:\Cesde\Proyecto integrador\Sound_Stream\src\components\pages\Buscar.jsx">
        <metrics statements="44" coveredstatements="36" conditionals="29" coveredconditionals="22" methods="14" coveredmethods="10"/>
        <line num="9" count="3" type="stmt"/>
        <line num="20" count="3" type="stmt"/>
        <line num="27" count="3" type="stmt"/>
        <line num="35" count="3" type="stmt"/>
        <line num="42" count="8" type="stmt"/>
        <line num="43" count="8" type="stmt"/>
        <line num="44" count="8" type="stmt"/>
        <line num="45" count="8" type="stmt"/>
        <line num="46" count="8" type="stmt"/>
        <line num="48" count="8" type="stmt"/>
        <line num="49" count="1" type="cond" truecount="1" falsecount="1"/>
        <line num="50" count="0" type="stmt"/>
        <line num="51" count="0" type="stmt"/>
        <line num="53" count="1" type="stmt"/>
        <line num="54" count="1" type="stmt"/>
        <line num="55" count="1" type="stmt"/>
        <line num="56" count="1" type="stmt"/>
        <line num="57" count="1" type="stmt"/>
        <line num="58" count="1" type="stmt"/>
        <line num="59" count="1" type="stmt"/>
        <line num="60" count="1" type="stmt"/>
        <line num="63" count="0" type="stmt"/>
        <line num="65" count="1" type="stmt"/>
        <line num="69" count="8" type="stmt"/>
        <line num="70" count="1" type="stmt"/>
        <line num="71" count="1" type="stmt"/>
        <line num="72" count="1" type="stmt"/>
        <line num="76" count="8" type="stmt"/>
        <line num="77" count="2" type="stmt"/>
        <line num="78" count="2" type="stmt"/>
        <line num="79" count="2" type="stmt"/>
        <line num="80" count="2" type="stmt"/>
        <line num="81" count="2" type="stmt"/>
        <line num="82" count="2" type="stmt"/>
        <line num="88" count="0" type="stmt"/>
        <line num="90" count="2" type="stmt"/>
        <line num="94" count="2" type="stmt"/>
        <line num="97" count="8" type="stmt"/>
        <line num="103" count="24" type="stmt"/>
        <line num="105" count="0" type="stmt"/>
        <line num="145" count="32" type="stmt"/>
        <line num="147" count="0" type="stmt"/>
        <line num="200" count="0" type="stmt"/>
        <line num="212" count="0" type="stmt"/>
      </file>
      <file name="Inicio.jsx" path="E:\Cesde\Proyecto integrador\Sound_Stream\src\components\pages\Inicio.jsx">
        <metrics statements="19" coveredstatements="16" conditionals="22" coveredconditionals="17" methods="10" coveredmethods="7"/>
        <line num="10" count="8" type="stmt"/>
        <line num="11" count="8" type="stmt"/>
        <line num="12" count="8" type="stmt"/>
        <line num="13" count="8" type="stmt"/>
        <line num="14" count="8" type="stmt"/>
        <line num="15" count="8" type="stmt"/>
        <line num="16" count="8" type="stmt"/>
        <line num="18" count="8" type="stmt"/>
        <line num="19" count="4" type="stmt"/>
        <line num="21" count="4" type="cond" truecount="1" falsecount="1"/>
        <line num="22" count="0" type="stmt"/>
        <line num="23" count="4" type="stmt"/>
        <line num="25" count="4" type="stmt"/>
        <line num="27" count="4" type="cond" truecount="1" falsecount="1"/>
        <line num="28" count="0" type="stmt"/>
        <line num="29" count="4" type="stmt"/>
        <line num="32" count="8" type="stmt"/>
        <line num="77" count="4" type="stmt"/>
        <line num="91" count="0" type="stmt"/>
      </file>
      <file name="Login.jsx" path="E:\Cesde\Proyecto integrador\Sound_Stream\src\components\pages\Login.jsx">
        <metrics statements="22" coveredstatements="21" conditionals="7" coveredconditionals="6" methods="8" coveredmethods="6"/>
        <line num="8" count="34" type="stmt"/>
        <line num="31" count="17" type="stmt"/>
        <line num="32" count="17" type="stmt"/>
        <line num="33" count="17" type="stmt"/>
        <line num="36" count="17" type="stmt"/>
        <line num="37" count="17" type="stmt"/>
        <line num="38" count="17" type="stmt"/>
        <line num="40" count="17" type="stmt"/>
        <line num="41" count="3" type="stmt"/>
        <line num="42" count="3" type="stmt"/>
        <line num="47" count="2" type="stmt"/>
        <line num="48" count="2" type="stmt"/>
        <line num="49" count="2" type="stmt"/>
        <line num="50" count="2" type="stmt"/>
        <line num="51" count="2" type="stmt"/>
        <line num="52" count="2" type="stmt"/>
        <line num="54" count="1" type="stmt"/>
        <line num="58" count="17" type="stmt"/>
        <line num="104" count="3" type="stmt"/>
        <line num="112" count="3" type="stmt"/>
        <line num="137" count="0" type="stmt"/>
        <line num="157" count="7" type="stmt"/>
      </file>
      <file name="NotFound.jsx" path="E:\Cesde\Proyecto integrador\Sound_Stream\src\components\pages\NotFound.jsx">
        <metrics statements="2" coveredstatements="2" conditionals="0" coveredconditionals="0" methods="2" coveredmethods="2"/>
        <line num="4" count="1" type="stmt"/>
        <line num="12" count="1" type="stmt"/>
      </file>
      <file name="Perfil.jsx" path="E:\Cesde\Proyecto integrador\Sound_Stream\src\components\pages\Perfil.jsx">
        <metrics statements="109" coveredstatements="87" conditionals="93" coveredconditionals="65" methods="50" coveredmethods="33"/>
        <line num="9" count="5" type="cond" truecount="1" falsecount="1"/>
        <line num="10" count="5" type="cond" truecount="1" falsecount="1"/>
        <line num="11" count="5" type="stmt"/>
        <line num="12" count="5" type="stmt"/>
        <line num="13" count="5" type="stmt"/>
        <line num="15" count="5" type="stmt"/>
        <line num="16" count="2" type="cond" truecount="2" falsecount="0"/>
        <line num="17" count="1" type="stmt"/>
        <line num="18" count="1" type="stmt"/>
        <line num="19" count="1" type="stmt"/>
        <line num="20" count="1" type="stmt"/>
        <line num="28" count="2" type="stmt"/>
        <line num="29" count="1" type="stmt"/>
        <line num="30" count="1" type="stmt"/>
        <line num="31" count="1" type="stmt"/>
        <line num="33" count="0" type="stmt"/>
        <line num="35" count="1" type="stmt"/>
        <line num="39" count="5" type="stmt"/>
        <line num="57" count="0" type="stmt"/>
        <line num="64" count="2" type="stmt"/>
        <line num="68" count="0" type="stmt"/>
        <line num="91" count="3" type="cond" truecount="1" falsecount="1"/>
        <line num="92" count="3" type="cond" truecount="1" falsecount="1"/>
        <line num="93" count="3" type="cond" truecount="1" falsecount="1"/>
        <line num="94" count="3" type="cond" truecount="1" falsecount="1"/>
        <line num="95" count="3" type="cond" truecount="1" falsecount="1"/>
        <line num="96" count="3" type="stmt"/>
        <line num="97" count="3" type="stmt"/>
        <line num="98" count="3" type="stmt"/>
        <line num="100" count="3" type="stmt"/>
        <line num="101" count="1" type="cond" truecount="1" falsecount="1"/>
        <line num="102" count="1" type="stmt"/>
        <line num="103" count="1" type="stmt"/>
        <line num="104" count="1" type="stmt"/>
        <line num="105" count="1" type="stmt"/>
        <line num="113" count="1" type="stmt"/>
        <line num="114" count="1" type="stmt"/>
        <line num="115" count="1" type="stmt"/>
        <line num="117" count="0" type="stmt"/>
        <line num="119" count="1" type="stmt"/>
        <line num="123" count="3" type="stmt"/>
        <line num="141" count="0" type="stmt"/>
        <line num="148" count="1" type="stmt"/>
        <line num="152" count="0" type="stmt"/>
        <line num="156" count="0" type="stmt"/>
        <line num="160" count="0" type="stmt"/>
        <line num="164" count="0" type="stmt"/>
        <line num="190" count="4" type="stmt"/>
        <line num="191" count="4" type="stmt"/>
        <line num="192" count="4" type="stmt"/>
        <line num="193" count="4" type="stmt"/>
        <line num="195" count="4" type="stmt"/>
        <line num="196" count="1" type="stmt"/>
        <line num="197" count="1" type="stmt"/>
        <line num="198" count="1" type="stmt"/>
        <line num="199" count="0" type="stmt"/>
        <line num="200" count="1" type="stmt"/>
        <line num="203" count="4" type="stmt"/>
        <line num="204" count="1" type="stmt"/>
        <line num="207" count="4" type="stmt"/>
        <line num="208" count="0" type="cond" truecount="0" falsecount="2"/>
        <line num="209" count="0" type="stmt"/>
        <line num="210" count="0" type="stmt"/>
        <line num="211" count="0" type="stmt"/>
        <line num="213" count="0" type="stmt"/>
        <line num="217" count="4" type="stmt"/>
        <line num="218" count="1" type="stmt"/>
        <line num="219" count="1" type="cond" truecount="1" falsecount="1"/>
        <line num="223" count="4" type="stmt"/>
        <line num="224" count="3" type="cond" truecount="1" falsecount="2"/>
        <line num="229" count="4" type="stmt"/>
        <line num="249" count="0" type="stmt"/>
        <line num="280" count="3" type="cond" truecount="1" falsecount="1"/>
        <line num="304" count="1" type="stmt"/>
        <line num="311" count="0" type="stmt"/>
        <line num="339" count="1" type="stmt"/>
        <line num="341" count="1" type="stmt"/>
        <line num="342" count="1" type="stmt"/>
        <line num="352" count="12" type="cond" truecount="1" falsecount="1"/>
        <line num="353" count="12" type="stmt"/>
        <line num="354" count="12" type="stmt"/>
        <line num="355" count="12" type="stmt"/>
        <line num="356" count="12" type="stmt"/>
        <line num="357" count="12" type="stmt"/>
        <line num="358" count="12" type="stmt"/>
        <line num="361" count="12" type="stmt"/>
        <line num="362" count="4" type="cond" truecount="1" falsecount="1"/>
        <line num="363" count="4" type="stmt"/>
        <line num="364" count="4" type="stmt"/>
        <line num="365" count="0" type="stmt"/>
        <line num="369" count="12" type="stmt"/>
        <line num="370" count="4" type="cond" truecount="2" falsecount="0"/>
        <line num="371" count="4" type="cond" truecount="2" falsecount="0"/>
        <line num="372" count="3" type="stmt"/>
        <line num="374" count="3" type="stmt"/>
        <line num="375" count="3" type="cond" truecount="1" falsecount="1"/>
        <line num="376" count="0" type="stmt"/>
        <line num="378" count="3" type="stmt"/>
        <line num="381" count="12" type="stmt"/>
        <line num="384" count="1" type="cond" truecount="2" falsecount="0"/>
        <line num="387" count="12" type="stmt"/>
        <line num="402" count="0" type="stmt"/>
        <line num="422" count="1" type="stmt"/>
        <line num="427" count="1" type="stmt"/>
        <line num="439" count="36" type="stmt"/>
        <line num="460" count="1" type="stmt"/>
        <line num="497" count="1" type="stmt"/>
        <line num="499" count="0" type="cond" truecount="2" falsecount="0"/>
        <line num="501" count="0" type="stmt"/>
      </file>
      <file name="Registro.jsx" path="E:\Cesde\Proyecto integrador\Sound_Stream\src\components\pages\Registro.jsx">
        <metrics statements="25" coveredstatements="23" conditionals="5" coveredconditionals="4" methods="11" coveredmethods="9"/>
        <line num="7" count="3" type="stmt"/>
        <line num="10" count="40" type="stmt"/>
        <line num="29" count="8" type="stmt"/>
        <line num="30" count="8" type="stmt"/>
        <line num="32" count="8" type="stmt"/>
        <line num="33" count="8" type="stmt"/>
        <line num="34" count="8" type="stmt"/>
        <line num="35" count="8" type="stmt"/>
        <line num="36" count="8" type="stmt"/>
        <line num="37" count="8" type="stmt"/>
        <line num="38" count="8" type="stmt"/>
        <line num="40" count="8" type="stmt"/>
        <line num="41" count="1" type="stmt"/>
        <line num="42" count="1" type="stmt"/>
        <line num="50" count="1" type="stmt"/>
        <line num="51" count="1" type="stmt"/>
        <line num="53" count="0" type="stmt"/>
        <line num="57" count="8" type="stmt"/>
        <line num="89" count="1" type="stmt"/>
        <line num="90" count="1" type="stmt"/>
        <line num="91" count="1" type="stmt"/>
        <line num="92" count="1" type="stmt"/>
        <line num="93" count="1" type="stmt"/>
        <line num="102" count="0" type="stmt"/>
        <line num="137" count="2" type="stmt"/>
      </file>
    </package>
    <package name="src.components.player">
      <metrics statements="35" coveredstatements="34" conditionals="42" coveredconditionals="28" methods="10" coveredmethods="9"/>
      <file name="Controls.jsx" path="E:\Cesde\Proyecto integrador\Sound_Stream\src\components\player\Controls.jsx">
        <metrics statements="5" coveredstatements="5" conditionals="5" coveredconditionals="5" methods="1" coveredmethods="1"/>
        <line num="4" count="41" type="stmt"/>
        <line num="7" count="41" type="stmt"/>
        <line num="8" count="41" type="stmt"/>
        <line num="9" count="41" type="stmt"/>
        <line num="11" count="41" type="stmt"/>
      </file>
      <file name="Player.jsx" path="E:\Cesde\Proyecto integrador\Sound_Stream\src\components\player\Player.jsx">
        <metrics statements="4" coveredstatements="4" conditionals="17" coveredconditionals="11" methods="1" coveredmethods="1"/>
        <line num="7" count="39" type="stmt"/>
        <line num="8" count="39" type="cond" truecount="3" falsecount="0"/>
        <line num="9" count="39" type="cond" truecount="2" falsecount="0"/>
        <line num="11" count="39" type="stmt"/>
      </file>
      <file name="ProgressBar.jsx" path="E:\Cesde\Proyecto integrador\Sound_Stream\src\components\player\ProgressBar.jsx">
        <metrics statements="14" coveredstatements="14" conditionals="8" coveredconditionals="6" methods="4" coveredmethods="4"/>
        <line num="4" count="40" type="stmt"/>
        <line num="6" count="40" type="stmt"/>
        <line num="7" count="80" type="cond" truecount="4" falsecount="0"/>
        <line num="8" count="2" type="stmt"/>
        <line num="9" count="2" type="stmt"/>
        <line num="10" count="2" type="stmt"/>
        <line num="13" count="40" type="stmt"/>
        <line num="14" count="1" type="stmt"/>
        <line num="15" count="1" type="stmt"/>
        <line num="16" count="1" type="stmt"/>
        <line num="19" count="40" type="stmt"/>
        <line num="20" count="1" type="cond" truecount="1" falsecount="1"/>
        <line num="21" count="1" type="cond" truecount="1" falsecount="1"/>
        <line num="24" count="40" type="stmt"/>
      </file>
      <file name="Volume.jsx" path="E:\Cesde\Proyecto integrador\Sound_Stream\src\components\player\Volume.jsx">
        <metrics statements="12" coveredstatements="11" conditionals="12" coveredconditionals="6" methods="4" coveredmethods="3"/>
        <line num="4" count="40" type="stmt"/>
        <line num="5" count="40" type="stmt"/>
        <line num="6" count="40" type="cond" truecount="3" falsecount="1"/>
        <line num="8" count="40" type="stmt"/>
        <line num="9" count="1" type="stmt"/>
        <line num="10" count="1" type="stmt"/>
        <line num="11" count="1" type="stmt"/>
        <line num="14" count="40" type="stmt"/>
        <line num="15" count="1" type="cond" truecount="1" falsecount="1"/>
        <line num="16" count="1" type="cond" truecount="1" falsecount="1"/>
        <line num="19" count="40" type="stmt"/>
        <line num="23" count="0" type="cond" truecount="0" falsecount="2"/>
      </file>
    </package>
    <package name="src.components.routes">
      <metrics statements="7" coveredstatements="7" conditionals="12" coveredconditionals="12" methods="3" coveredmethods="3"/>
      <file name="AppRouter.jsx" path="E:\Cesde\Proyecto integrador\Sound_Stream\src\components\routes\AppRouter.jsx">
        <metrics statements="7" coveredstatements="7" conditionals="12" coveredconditionals="12" methods="3" coveredmethods="3"/>
        <line num="11" count="12" type="stmt"/>
        <line num="13" count="12" type="stmt"/>
        <line num="14" count="1" type="stmt"/>
        <line num="17" count="12" type="stmt"/>
        <line num="18" count="1" type="stmt"/>
        <line num="19" count="1" type="stmt"/>
        <line num="22" count="12" type="stmt"/>
      </file>
    </package>
    <package name="src.components.styles">
      <metrics statements="0" coveredstatements="0" conditionals="0" coveredconditionals="0" methods="0" coveredmethods="0"/>
      <file name="global.css" path="E:\Cesde\Proyecto integrador\Sound_Stream\src\components\styles\global.css">
        <metrics statements="0" coveredstatements="0" conditionals="0" coveredconditionals="0" methods="0" coveredmethods="0"/>
      </file>
    </package>
    <package name="src.components.ui">
      <metrics statements="11" coveredstatements="11" conditionals="26" coveredconditionals="22" methods="5" coveredmethods="5"/>
      <file name="Button.jsx" path="E:\Cesde\Proyecto integrador\Sound_Stream\src\components\ui\Button.jsx">
        <metrics statements="3" coveredstatements="3" conditionals="4" coveredconditionals="3" methods="1" coveredmethods="1"/>
        <line num="2" count="1" type="stmt"/>
        <line num="4" count="1" type="stmt"/>
        <line num="10" count="1" type="stmt"/>
      </file>
      <file name="Input.jsx" path="E:\Cesde\Proyecto integrador\Sound_Stream\src\components\ui\Input.jsx">
        <metrics statements="1" coveredstatements="1" conditionals="5" coveredconditionals="4" methods="1" coveredmethods="1"/>
        <line num="2" count="1" type="stmt"/>
      </file>
      <file name="Loader.jsx" path="E:\Cesde\Proyecto integrador\Sound_Stream\src\components\ui\Loader.jsx">
        <metrics statements="1" coveredstatements="1" conditionals="1" coveredconditionals="1" methods="1" coveredmethods="1"/>
        <line num="2" count="14" type="stmt"/>
      </file>
      <file name="Modal.jsx" path="E:\Cesde\Proyecto integrador\Sound_Stream\src\components\ui\Modal.jsx">
        <metrics statements="3" coveredstatements="3" conditionals="6" coveredconditionals="4" methods="1" coveredmethods="1"/>
        <line num="3" count="1" type="stmt"/>
        <line num="16" count="1" type="cond" truecount="1" falsecount="1"/>
        <line num="18" count="1" type="stmt"/>
      </file>
      <file name="Notificacion.jsx" path="E:\Cesde\Proyecto integrador\Sound_Stream\src\components\ui\Notificacion.jsx">
        <metrics statements="3" coveredstatements="3" conditionals="10" coveredconditionals="10" methods="1" coveredmethods="1"/>
        <line num="2" count="9" type="stmt"/>
        <line num="3" count="9" type="cond" truecount="2" falsecount="0"/>
        <line num="5" count="9" type="stmt"/>
      </file>
    </package>
  </project>
</coverage>
