{"E:\\Cesde\\Proyecto integrador\\Sound_Stream\\src\\App.jsx": {"path":"E:\\Cesde\\Proyecto integrador\\Sound_Stream\\src\\App.jsx","statementMap":{"0":{"start":{"line":5,"column":2},"end":{"line":6,"column":null}}},"fnMap":{"0":{"name":"App","decl":{"start":{"line":4,"column":9},"end":{"line":4,"column":15}},"loc":{"start":{"line":4,"column":15},"end":{"line":6,"column":null}},"line":4}},"branchMap":{},"s":{"0":1},"f":{"0":1},"b":{},"meta":{"lastBranch":0,"lastFunction":1,"lastStatement":1,"seen":{"f:4:9:4:15":0,"s:5:2:6:Infinity":0}}}
,"E:\\Cesde\\Proyecto integrador\\Sound_Stream\\src\\components\\context\\PlayerContext.jsx": {"path":"E:\\Cesde\\Proyecto integrador\\Sound_Stream\\src\\components\\context\\PlayerContext.jsx","statementMap":{"0":{"start":{"line":4,"column":6},"end":{"line":4,"column":37}},"1":{"start":{"line":8,"column":26},"end":{"line":8,"column":60}},"2":{"start":{"line":9,"column":26},"end":{"line":9,"column":58}},"3":{"start":{"line":10,"column":25},"end":{"line":10,"column":55}},"4":{"start":{"line":11,"column":26},"end":{"line":11,"column":61}},"5":{"start":{"line":12,"column":21},"end":{"line":12,"column":47}},"6":{"start":{"line":13,"column":21},"end":{"line":13,"column":47}},"7":{"start":{"line":14,"column":20},"end":{"line":14,"column":47}},"8":{"start":{"line":15,"column":21},"end":{"line":15,"column":51}},"9":{"start":{"line":18,"column":10},"end":{"line":18,"column":33}},"10":{"start":{"line":21,"column":4},"end":{"line":51,"column":null}},"11":{"start":{"line":22,"column":8},"end":{"line":22,"column":null}},"12":{"start":{"line":23,"column":8},"end":{"line":23,"column":null}},"13":{"start":{"line":26,"column":22},"end":{"line":26,"column":null}},"14":{"start":{"line":28,"column":14},"end":{"line":29,"column":null}},"15":{"start":{"line":29,"column":12},"end":{"line":29,"column":null}},"16":{"start":{"line":32,"column":14},"end":{"line":33,"column":null}},"17":{"start":{"line":33,"column":12},"end":{"line":33,"column":null}},"18":{"start":{"line":36,"column":14},"end":{"line":37,"column":null}},"19":{"start":{"line":37,"column":12},"end":{"line":37,"column":null}},"20":{"start":{"line":40,"column":8},"end":{"line":40,"column":null}},"21":{"start":{"line":41,"column":8},"end":{"line":41,"column":null}},"22":{"start":{"line":42,"column":8},"end":{"line":42,"column":null}},"23":{"start":{"line":44,"column":8},"end":{"line":49,"column":null}},"24":{"start":{"line":45,"column":12},"end":{"line":45,"column":null}},"25":{"start":{"line":46,"column":12},"end":{"line":46,"column":null}},"26":{"start":{"line":47,"column":12},"end":{"line":47,"column":null}},"27":{"start":{"line":48,"column":12},"end":{"line":48,"column":null}},"28":{"start":{"line":49,"column":12},"end":{"line":49,"column":null}},"29":{"start":{"line":54,"column":4},"end":{"line":58,"column":null}},"30":{"start":{"line":55,"column":8},"end":{"line":56,"column":null}},"31":{"start":{"line":56,"column":12},"end":{"line":56,"column":null}},"32":{"start":{"line":61,"column":10},"end":{"line":88,"column":null}},"33":{"start":{"line":62,"column":8},"end":{"line":64,"column":null}},"34":{"start":{"line":63,"column":12},"end":{"line":63,"column":null}},"35":{"start":{"line":64,"column":12},"end":{"line":64,"column":null}},"36":{"start":{"line":68,"column":8},"end":{"line":71,"column":null}},"37":{"start":{"line":69,"column":12},"end":{"line":69,"column":null}},"38":{"start":{"line":70,"column":12},"end":{"line":70,"column":null}},"39":{"start":{"line":71,"column":12},"end":{"line":71,"column":null}},"40":{"start":{"line":75,"column":8},"end":{"line":75,"column":null}},"41":{"start":{"line":76,"column":8},"end":{"line":76,"column":null}},"42":{"start":{"line":77,"column":8},"end":{"line":77,"column":null}},"43":{"start":{"line":79,"column":8},"end":{"line":83,"column":null}},"44":{"start":{"line":80,"column":12},"end":{"line":80,"column":null}},"45":{"start":{"line":81,"column":12},"end":{"line":81,"column":null}},"46":{"start":{"line":82,"column":12},"end":{"line":82,"column":null}},"47":{"start":{"line":83,"column":12},"end":{"line":83,"column":null}},"48":{"start":{"line":87,"column":26},"end":{"line":87,"column":79}},"49":{"start":{"line":88,"column":8},"end":{"line":88,"column":null}},"50":{"start":{"line":92,"column":10},"end":{"line":100,"column":null}},"51":{"start":{"line":93,"column":8},"end":{"line":93,"column":null}},"52":{"start":{"line":93,"column":49},"end":{"line":93,"column":null}},"53":{"start":{"line":95,"column":8},"end":{"line":100,"column":null}},"54":{"start":{"line":96,"column":12},"end":{"line":96,"column":null}},"55":{"start":{"line":97,"column":12},"end":{"line":97,"column":null}},"56":{"start":{"line":99,"column":12},"end":{"line":99,"column":null}},"57":{"start":{"line":100,"column":12},"end":{"line":100,"column":null}},"58":{"start":{"line":105,"column":10},"end":{"line":112,"column":null}},"59":{"start":{"line":106,"column":8},"end":{"line":106,"column":null}},"60":{"start":{"line":106,"column":40},"end":{"line":106,"column":null}},"61":{"start":{"line":108,"column":14},"end":{"line":108,"column":null}},"62":{"start":{"line":109,"column":29},"end":{"line":109,"column":null}},"63":{"start":{"line":111,"column":8},"end":{"line":112,"column":null}},"64":{"start":{"line":112,"column":12},"end":{"line":112,"column":null}},"65":{"start":{"line":117,"column":10},"end":{"line":124,"column":null}},"66":{"start":{"line":118,"column":8},"end":{"line":118,"column":null}},"67":{"start":{"line":118,"column":40},"end":{"line":118,"column":null}},"68":{"start":{"line":120,"column":14},"end":{"line":120,"column":null}},"69":{"start":{"line":121,"column":29},"end":{"line":121,"column":null}},"70":{"start":{"line":123,"column":8},"end":{"line":124,"column":null}},"71":{"start":{"line":124,"column":12},"end":{"line":124,"column":null}},"72":{"start":{"line":129,"column":10},"end":{"line":132,"column":null}},"73":{"start":{"line":130,"column":8},"end":{"line":132,"column":null}},"74":{"start":{"line":131,"column":12},"end":{"line":131,"column":null}},"75":{"start":{"line":132,"column":12},"end":{"line":132,"column":null}},"76":{"start":{"line":137,"column":10},"end":{"line":153,"column":null}},"77":{"start":{"line":138,"column":8},"end":{"line":138,"column":null}},"78":{"start":{"line":138,"column":28},"end":{"line":138,"column":null}},"79":{"start":{"line":140,"column":32},"end":{"line":140,"column":null}},"80":{"start":{"line":141,"column":8},"end":{"line":141,"column":null}},"81":{"start":{"line":144,"column":26},"end":{"line":144,"column":79}},"82":{"start":{"line":145,"column":8},"end":{"line":151,"column":null}},"83":{"start":{"line":146,"column":12},"end":{"line":147,"column":null}},"84":{"start":{"line":147,"column":16},"end":{"line":147,"column":null}},"85":{"start":{"line":150,"column":26},"end":{"line":150,"column":66}},"86":{"start":{"line":151,"column":12},"end":{"line":151,"column":null}},"87":{"start":{"line":151,"column":28},"end":{"line":151,"column":null}},"88":{"start":{"line":153,"column":8},"end":{"line":153,"column":null}},"89":{"start":{"line":156,"column":18},"end":{"line":170,"column":null}},"90":{"start":{"line":172,"column":4},"end":{"line":175,"column":null}},"91":{"start":{"line":180,"column":10},"end":{"line":180,"column":45}},"92":{"start":{"line":181,"column":4},"end":{"line":182,"column":null}},"93":{"start":{"line":182,"column":8},"end":{"line":182,"column":null}},"94":{"start":{"line":184,"column":4},"end":{"line":184,"column":null}}},"fnMap":{"0":{"name":"PlayerProvider","decl":{"start":{"line":6,"column":16},"end":{"line":6,"column":31}},"loc":{"start":{"line":6,"column":45},"end":{"line":175,"column":null}},"line":6},"1":{"name":"(anonymous_1)","decl":{"start":{"line":21,"column":4},"end":{"line":21,"column":20}},"loc":{"start":{"line":21,"column":20},"end":{"line":51,"column":9}},"line":21},"2":{"name":"(anonymous_2)","decl":{"start":{"line":28,"column":14},"end":{"line":28,"column":39}},"loc":{"start":{"line":28,"column":39},"end":{"line":29,"column":null}},"line":28},"3":{"name":"(anonymous_3)","decl":{"start":{"line":32,"column":14},"end":{"line":32,"column":43}},"loc":{"start":{"line":32,"column":43},"end":{"line":33,"column":null}},"line":32},"4":{"name":"(anonymous_4)","decl":{"start":{"line":36,"column":14},"end":{"line":36,"column":34}},"loc":{"start":{"line":36,"column":34},"end":{"line":37,"column":null}},"line":36},"5":{"name":"(anonymous_5)","decl":{"start":{"line":44,"column":8},"end":{"line":44,"column":21}},"loc":{"start":{"line":44,"column":21},"end":{"line":49,"column":null}},"line":44},"6":{"name":"(anonymous_6)","decl":{"start":{"line":54,"column":4},"end":{"line":54,"column":20}},"loc":{"start":{"line":54,"column":20},"end":{"line":58,"column":8}},"line":54},"7":{"name":"(anonymous_7)","decl":{"start":{"line":61,"column":10},"end":{"line":61,"column":24}},"loc":{"start":{"line":61,"column":66},"end":{"line":88,"column":null}},"line":61},"8":{"name":"(anonymous_8)","decl":{"start":{"line":92,"column":10},"end":{"line":92,"column":33}},"loc":{"start":{"line":92,"column":33},"end":{"line":100,"column":null}},"line":92},"9":{"name":"(anonymous_9)","decl":{"start":{"line":105,"column":10},"end":{"line":105,"column":28}},"loc":{"start":{"line":105,"column":28},"end":{"line":112,"column":null}},"line":105},"10":{"name":"(anonymous_10)","decl":{"start":{"line":117,"column":10},"end":{"line":117,"column":27}},"loc":{"start":{"line":117,"column":27},"end":{"line":124,"column":null}},"line":117},"11":{"name":"(anonymous_11)","decl":{"start":{"line":129,"column":10},"end":{"line":129,"column":29}},"loc":{"start":{"line":129,"column":47},"end":{"line":132,"column":null}},"line":129},"12":{"name":"(anonymous_12)","decl":{"start":{"line":137,"column":10},"end":{"line":137,"column":34}},"loc":{"start":{"line":137,"column":34},"end":{"line":153,"column":null}},"line":137},"13":{"name":"usePlayer","decl":{"start":{"line":179,"column":16},"end":{"line":179,"column":28}},"loc":{"start":{"line":179,"column":28},"end":{"line":184,"column":null}},"line":179}},"branchMap":{"0":{"loc":{"start":{"line":55,"column":8},"end":{"line":56,"column":null}},"type":"if","locations":[{"start":{"line":55,"column":8},"end":{"line":56,"column":null}},{"start":{},"end":{}}],"line":55},"1":{"loc":{"start":{"line":61,"column":33},"end":{"line":61,"column":49}},"type":"default-arg","locations":[{"start":{"line":61,"column":40},"end":{"line":61,"column":49}}],"line":61},"2":{"loc":{"start":{"line":61,"column":51},"end":{"line":61,"column":66}},"type":"default-arg","locations":[{"start":{"line":61,"column":60},"end":{"line":61,"column":66}}],"line":61},"3":{"loc":{"start":{"line":62,"column":8},"end":{"line":64,"column":null}},"type":"if","locations":[{"start":{"line":62,"column":8},"end":{"line":64,"column":null}},{"start":{},"end":{}}],"line":62},"4":{"loc":{"start":{"line":68,"column":8},"end":{"line":71,"column":null}},"type":"if","locations":[{"start":{"line":68,"column":8},"end":{"line":71,"column":null}},{"start":{},"end":{}}],"line":68},"5":{"loc":{"start":{"line":68,"column":12},"end":{"line":68,"column":76}},"type":"binary-expr","locations":[{"start":{"line":68,"column":12},"end":{"line":68,"column":58}},{"start":{"line":68,"column":58},"end":{"line":68,"column":76}}],"line":68},"6":{"loc":{"start":{"line":79,"column":8},"end":{"line":83,"column":null}},"type":"if","locations":[{"start":{"line":79,"column":8},"end":{"line":83,"column":null}},{"start":{},"end":{}}],"line":79},"7":{"loc":{"start":{"line":87,"column":37},"end":{"line":87,"column":79}},"type":"binary-expr","locations":[{"start":{"line":87,"column":37},"end":{"line":87,"column":70}},{"start":{"line":87,"column":74},"end":{"line":87,"column":79}}],"line":87},"8":{"loc":{"start":{"line":93,"column":8},"end":{"line":93,"column":null}},"type":"if","locations":[{"start":{"line":93,"column":8},"end":{"line":93,"column":null}},{"start":{},"end":{}}],"line":93},"9":{"loc":{"start":{"line":93,"column":12},"end":{"line":93,"column":49}},"type":"binary-expr","locations":[{"start":{"line":93,"column":12},"end":{"line":93,"column":33}},{"start":{"line":93,"column":33},"end":{"line":93,"column":49}}],"line":93},"10":{"loc":{"start":{"line":95,"column":8},"end":{"line":100,"column":null}},"type":"if","locations":[{"start":{"line":95,"column":8},"end":{"line":100,"column":null}},{"start":{"line":98,"column":15},"end":{"line":100,"column":null}}],"line":95},"11":{"loc":{"start":{"line":106,"column":8},"end":{"line":106,"column":null}},"type":"if","locations":[{"start":{"line":106,"column":8},"end":{"line":106,"column":null}},{"start":{},"end":{}}],"line":106},"12":{"loc":{"start":{"line":111,"column":8},"end":{"line":112,"column":null}},"type":"if","locations":[{"start":{"line":111,"column":8},"end":{"line":112,"column":null}},{"start":{},"end":{}}],"line":111},"13":{"loc":{"start":{"line":118,"column":8},"end":{"line":118,"column":null}},"type":"if","locations":[{"start":{"line":118,"column":8},"end":{"line":118,"column":null}},{"start":{},"end":{}}],"line":118},"14":{"loc":{"start":{"line":123,"column":8},"end":{"line":124,"column":null}},"type":"if","locations":[{"start":{"line":123,"column":8},"end":{"line":124,"column":null}},{"start":{},"end":{}}],"line":123},"15":{"loc":{"start":{"line":130,"column":8},"end":{"line":132,"column":null}},"type":"if","locations":[{"start":{"line":130,"column":8},"end":{"line":132,"column":null}},{"start":{},"end":{}}],"line":130},"16":{"loc":{"start":{"line":130,"column":12},"end":{"line":130,"column":42}},"type":"binary-expr","locations":[{"start":{"line":130,"column":12},"end":{"line":130,"column":32}},{"start":{"line":130,"column":32},"end":{"line":130,"column":42}}],"line":130},"17":{"loc":{"start":{"line":138,"column":8},"end":{"line":138,"column":null}},"type":"if","locations":[{"start":{"line":138,"column":8},"end":{"line":138,"column":null}},{"start":{},"end":{}}],"line":138},"18":{"loc":{"start":{"line":144,"column":37},"end":{"line":144,"column":79}},"type":"binary-expr","locations":[{"start":{"line":144,"column":37},"end":{"line":144,"column":70}},{"start":{"line":144,"column":74},"end":{"line":144,"column":79}}],"line":144},"19":{"loc":{"start":{"line":145,"column":8},"end":{"line":151,"column":null}},"type":"if","locations":[{"start":{"line":145,"column":8},"end":{"line":151,"column":null}},{"start":{"line":149,"column":15},"end":{"line":151,"column":null}}],"line":145},"20":{"loc":{"start":{"line":146,"column":12},"end":{"line":147,"column":null}},"type":"if","locations":[{"start":{"line":146,"column":12},"end":{"line":147,"column":null}},{"start":{},"end":{}}],"line":146},"21":{"loc":{"start":{"line":151,"column":12},"end":{"line":151,"column":null}},"type":"if","locations":[{"start":{"line":151,"column":12},"end":{"line":151,"column":null}},{"start":{},"end":{}}],"line":151},"22":{"loc":{"start":{"line":181,"column":4},"end":{"line":182,"column":null}},"type":"if","locations":[{"start":{"line":181,"column":4},"end":{"line":182,"column":null}},{"start":{},"end":{}}],"line":181}},"s":{"0":7,"1":61,"2":61,"3":61,"4":61,"5":61,"6":61,"7":61,"8":61,"9":61,"10":61,"11":24,"12":24,"13":24,"14":24,"15":0,"16":24,"17":7,"18":24,"19":0,"20":24,"21":24,"22":24,"23":24,"24":21,"25":21,"26":21,"27":21,"28":21,"29":61,"30":25,"31":25,"32":61,"33":8,"34":0,"35":0,"36":8,"37":0,"38":0,"39":0,"40":8,"41":8,"42":8,"43":8,"44":8,"45":8,"46":8,"47":8,"48":8,"49":8,"50":61,"51":2,"52":0,"53":2,"54":1,"55":1,"56":1,"57":1,"58":61,"59":1,"60":0,"61":1,"62":1,"63":1,"64":1,"65":61,"66":1,"67":0,"68":1,"69":1,"70":1,"71":1,"72":61,"73":0,"74":0,"75":0,"76":61,"77":1,"78":0,"79":1,"80":1,"81":1,"82":1,"83":1,"84":1,"85":0,"86":0,"87":0,"88":1,"89":61,"90":61,"91":194,"92":194,"93":0,"94":194},"f":{"0":61,"1":24,"2":0,"3":7,"4":0,"5":21,"6":25,"7":8,"8":2,"9":1,"10":1,"11":0,"12":1,"13":194},"b":{"0":[25,0],"1":[8],"2":[8],"3":[0,8],"4":[0,8],"5":[8,0],"6":[8,0],"7":[8,8],"8":[0,2],"9":[2,2],"10":[1,1],"11":[0,1],"12":[1,0],"13":[0,1],"14":[1,0],"15":[0,0],"16":[0,0],"17":[0,1],"18":[1,1],"19":[1,0],"20":[1,0],"21":[0,0],"22":[0,194]},"meta":{"lastBranch":23,"lastFunction":14,"lastStatement":95,"seen":{"s:4:6:4:37":0,"f:6:16:6:31":0,"s:8:26:8:60":1,"s:9:26:9:58":2,"s:10:25:10:55":3,"s:11:26:11:61":4,"s:12:21:12:47":5,"s:13:21:13:47":6,"s:14:20:14:47":7,"s:15:21:15:51":8,"s:18:10:18:33":9,"s:21:4:51:Infinity":10,"f:21:4:21:20":1,"s:22:8:22:Infinity":11,"s:23:8:23:Infinity":12,"s:26:22:26:Infinity":13,"s:28:14:29:Infinity":14,"f:28:14:28:39":2,"s:29:12:29:Infinity":15,"s:32:14:33:Infinity":16,"f:32:14:32:43":3,"s:33:12:33:Infinity":17,"s:36:14:37:Infinity":18,"f:36:14:36:34":4,"s:37:12:37:Infinity":19,"s:40:8:40:Infinity":20,"s:41:8:41:Infinity":21,"s:42:8:42:Infinity":22,"s:44:8:49:Infinity":23,"f:44:8:44:21":5,"s:45:12:45:Infinity":24,"s:46:12:46:Infinity":25,"s:47:12:47:Infinity":26,"s:48:12:48:Infinity":27,"s:49:12:49:Infinity":28,"s:54:4:58:Infinity":29,"f:54:4:54:20":6,"b:55:8:56:Infinity:undefined:undefined:undefined:undefined":0,"s:55:8:56:Infinity":30,"s:56:12:56:Infinity":31,"s:61:10:88:Infinity":32,"f:61:10:61:24":7,"b:61:40:61:49":1,"b:61:60:61:66":2,"b:62:8:64:Infinity:undefined:undefined:undefined:undefined":3,"s:62:8:64:Infinity":33,"s:63:12:63:Infinity":34,"s:64:12:64:Infinity":35,"b:68:8:71:Infinity:undefined:undefined:undefined:undefined":4,"s:68:8:71:Infinity":36,"b:68:12:68:58:68:58:68:76":5,"s:69:12:69:Infinity":37,"s:70:12:70:Infinity":38,"s:71:12:71:Infinity":39,"s:75:8:75:Infinity":40,"s:76:8:76:Infinity":41,"s:77:8:77:Infinity":42,"b:79:8:83:Infinity:undefined:undefined:undefined:undefined":6,"s:79:8:83:Infinity":43,"s:80:12:80:Infinity":44,"s:81:12:81:Infinity":45,"s:82:12:82:Infinity":46,"s:83:12:83:Infinity":47,"s:87:26:87:79":48,"b:87:37:87:70:87:74:87:79":7,"s:88:8:88:Infinity":49,"s:92:10:100:Infinity":50,"f:92:10:92:33":8,"b:93:8:93:Infinity:undefined:undefined:undefined:undefined":8,"s:93:8:93:Infinity":51,"b:93:12:93:33:93:33:93:49":9,"s:93:49:93:Infinity":52,"b:95:8:100:Infinity:98:15:100:Infinity":10,"s:95:8:100:Infinity":53,"s:96:12:96:Infinity":54,"s:97:12:97:Infinity":55,"s:99:12:99:Infinity":56,"s:100:12:100:Infinity":57,"s:105:10:112:Infinity":58,"f:105:10:105:28":9,"b:106:8:106:Infinity:undefined:undefined:undefined:undefined":11,"s:106:8:106:Infinity":59,"s:106:40:106:Infinity":60,"s:108:14:108:Infinity":61,"s:109:29:109:Infinity":62,"b:111:8:112:Infinity:undefined:undefined:undefined:undefined":12,"s:111:8:112:Infinity":63,"s:112:12:112:Infinity":64,"s:117:10:124:Infinity":65,"f:117:10:117:27":10,"b:118:8:118:Infinity:undefined:undefined:undefined:undefined":13,"s:118:8:118:Infinity":66,"s:118:40:118:Infinity":67,"s:120:14:120:Infinity":68,"s:121:29:121:Infinity":69,"b:123:8:124:Infinity:undefined:undefined:undefined:undefined":14,"s:123:8:124:Infinity":70,"s:124:12:124:Infinity":71,"s:129:10:132:Infinity":72,"f:129:10:129:29":11,"b:130:8:132:Infinity:undefined:undefined:undefined:undefined":15,"s:130:8:132:Infinity":73,"b:130:12:130:32:130:32:130:42":16,"s:131:12:131:Infinity":74,"s:132:12:132:Infinity":75,"s:137:10:153:Infinity":76,"f:137:10:137:34":12,"b:138:8:138:Infinity:undefined:undefined:undefined:undefined":17,"s:138:8:138:Infinity":77,"s:138:28:138:Infinity":78,"s:140:32:140:Infinity":79,"s:141:8:141:Infinity":80,"s:144:26:144:79":81,"b:144:37:144:70:144:74:144:79":18,"b:145:8:151:Infinity:149:15:151:Infinity":19,"s:145:8:151:Infinity":82,"b:146:12:147:Infinity:undefined:undefined:undefined:undefined":20,"s:146:12:147:Infinity":83,"s:147:16:147:Infinity":84,"s:150:26:150:66":85,"b:151:12:151:Infinity:undefined:undefined:undefined:undefined":21,"s:151:12:151:Infinity":86,"s:151:28:151:Infinity":87,"s:153:8:153:Infinity":88,"s:156:18:170:Infinity":89,"s:172:4:175:Infinity":90,"f:179:16:179:28":13,"s:180:10:180:45":91,"b:181:4:182:Infinity:undefined:undefined:undefined:undefined":22,"s:181:4:182:Infinity":92,"s:182:8:182:Infinity":93,"s:184:4:184:Infinity":94}}}
,"E:\\Cesde\\Proyecto integrador\\Sound_Stream\\src\\components\\context\\ThemeContext.jsx": {"path":"E:\\Cesde\\Proyecto integrador\\Sound_Stream\\src\\components\\context\\ThemeContext.jsx","statementMap":{"0":{"start":{"line":3,"column":6},"end":{"line":3,"column":36}},"1":{"start":{"line":7,"column":10},"end":{"line":10,"column":null}},"2":{"start":{"line":8,"column":22},"end":{"line":8,"column":51}},"3":{"start":{"line":9,"column":8},"end":{"line":9,"column":null}},"4":{"start":{"line":9,"column":19},"end":{"line":9,"column":null}},"5":{"start":{"line":10,"column":8},"end":{"line":10,"column":null}},"6":{"start":{"line":13,"column":17},"end":{"line":13,"column":53}},"7":{"start":{"line":16,"column":4},"end":{"line":24,"column":null}},"8":{"start":{"line":17,"column":21},"end":{"line":17,"column":null}},"9":{"start":{"line":18,"column":8},"end":{"line":21,"column":null}},"10":{"start":{"line":19,"column":12},"end":{"line":19,"column":null}},"11":{"start":{"line":21,"column":12},"end":{"line":21,"column":null}},"12":{"start":{"line":23,"column":8},"end":{"line":23,"column":null}},"13":{"start":{"line":26,"column":10},"end":{"line":27,"column":null}},"14":{"start":{"line":27,"column":8},"end":{"line":27,"column":null}},"15":{"start":{"line":27,"column":25},"end":{"line":27,"column":61}},"16":{"start":{"line":30,"column":4},"end":{"line":33,"column":null}},"17":{"start":{"line":38,"column":10},"end":{"line":38,"column":44}},"18":{"start":{"line":39,"column":4},"end":{"line":40,"column":null}},"19":{"start":{"line":40,"column":8},"end":{"line":40,"column":null}},"20":{"start":{"line":42,"column":4},"end":{"line":42,"column":null}}},"fnMap":{"0":{"name":"ThemeProvider","decl":{"start":{"line":5,"column":16},"end":{"line":5,"column":30}},"loc":{"start":{"line":5,"column":44},"end":{"line":33,"column":null}},"line":5},"1":{"name":"(anonymous_1)","decl":{"start":{"line":7,"column":10},"end":{"line":7,"column":34}},"loc":{"start":{"line":7,"column":34},"end":{"line":10,"column":null}},"line":7},"2":{"name":"(anonymous_2)","decl":{"start":{"line":16,"column":4},"end":{"line":16,"column":20}},"loc":{"start":{"line":16,"column":20},"end":{"line":24,"column":8}},"line":16},"3":{"name":"(anonymous_3)","decl":{"start":{"line":26,"column":10},"end":{"line":26,"column":29}},"loc":{"start":{"line":26,"column":29},"end":{"line":27,"column":null}},"line":26},"4":{"name":"(anonymous_4)","decl":{"start":{"line":27,"column":8},"end":{"line":27,"column":16}},"loc":{"start":{"line":27,"column":25},"end":{"line":27,"column":61}},"line":27},"5":{"name":"useTheme","decl":{"start":{"line":37,"column":16},"end":{"line":37,"column":27}},"loc":{"start":{"line":37,"column":27},"end":{"line":42,"column":null}},"line":37}},"branchMap":{"0":{"loc":{"start":{"line":9,"column":8},"end":{"line":9,"column":null}},"type":"if","locations":[{"start":{"line":9,"column":8},"end":{"line":9,"column":null}},{"start":{},"end":{}}],"line":9},"1":{"loc":{"start":{"line":10,"column":15},"end":{"line":10,"column":null}},"type":"cond-expr","locations":[{"start":{"line":10,"column":75},"end":{"line":10,"column":84}},{"start":{"line":10,"column":84},"end":{"line":10,"column":null}}],"line":10},"2":{"loc":{"start":{"line":18,"column":8},"end":{"line":21,"column":null}},"type":"if","locations":[{"start":{"line":18,"column":8},"end":{"line":21,"column":null}},{"start":{"line":20,"column":15},"end":{"line":21,"column":null}}],"line":18},"3":{"loc":{"start":{"line":27,"column":25},"end":{"line":27,"column":61}},"type":"cond-expr","locations":[{"start":{"line":27,"column":43},"end":{"line":27,"column":53}},{"start":{"line":27,"column":53},"end":{"line":27,"column":61}}],"line":27},"4":{"loc":{"start":{"line":39,"column":4},"end":{"line":40,"column":null}},"type":"if","locations":[{"start":{"line":39,"column":4},"end":{"line":40,"column":null}},{"start":{},"end":{}}],"line":39}},"s":{"0":5,"1":53,"2":26,"3":26,"4":5,"5":21,"6":53,"7":53,"8":28,"9":28,"10":3,"11":25,"12":28,"13":53,"14":2,"15":2,"16":53,"17":72,"18":72,"19":2,"20":69},"f":{"0":53,"1":26,"2":28,"3":2,"4":2,"5":72},"b":{"0":[5,21],"1":[0,21],"2":[3,25],"3":[0,2],"4":[2,70]},"meta":{"lastBranch":5,"lastFunction":6,"lastStatement":21,"seen":{"s:3:6:3:36":0,"f:5:16:5:30":0,"s:7:10:10:Infinity":1,"f:7:10:7:34":1,"s:8:22:8:51":2,"b:9:8:9:Infinity:undefined:undefined:undefined:undefined":0,"s:9:8:9:Infinity":3,"s:9:19:9:Infinity":4,"s:10:8:10:Infinity":5,"b:10:75:10:84:10:84:10:Infinity":1,"s:13:17:13:53":6,"s:16:4:24:Infinity":7,"f:16:4:16:20":2,"s:17:21:17:Infinity":8,"b:18:8:21:Infinity:20:15:21:Infinity":2,"s:18:8:21:Infinity":9,"s:19:12:19:Infinity":10,"s:21:12:21:Infinity":11,"s:23:8:23:Infinity":12,"s:26:10:27:Infinity":13,"f:26:10:26:29":3,"s:27:8:27:Infinity":14,"f:27:8:27:16":4,"s:27:25:27:61":15,"b:27:43:27:53:27:53:27:61":3,"s:30:4:33:Infinity":16,"f:37:16:37:27":5,"s:38:10:38:44":17,"b:39:4:40:Infinity:undefined:undefined:undefined:undefined":4,"s:39:4:40:Infinity":18,"s:40:8:40:Infinity":19,"s:42:4:42:Infinity":20}}}
,"E:\\Cesde\\Proyecto integrador\\Sound_Stream\\src\\components\\layout\\Footer.jsx": {"path":"E:\\Cesde\\Proyecto integrador\\Sound_Stream\\src\\components\\layout\\Footer.jsx","statementMap":{"0":{"start":{"line":2,"column":2},"end":{"line":5,"column":null}}},"fnMap":{"0":{"name":"Footer","decl":{"start":{"line":1,"column":24},"end":{"line":1,"column":33}},"loc":{"start":{"line":1,"column":33},"end":{"line":5,"column":null}},"line":1}},"branchMap":{},"s":{"0":39},"f":{"0":39},"b":{},"meta":{"lastBranch":0,"lastFunction":1,"lastStatement":1,"seen":{"f:1:24:1:33":0,"s:2:2:5:Infinity":0}}}
,"E:\\Cesde\\Proyecto integrador\\Sound_Stream\\src\\components\\layout\\MainLayout.jsx": {"path":"E:\\Cesde\\Proyecto integrador\\Sound_Stream\\src\\components\\layout\\MainLayout.jsx","statementMap":{"0":{"start":{"line":9,"column":2},"end":{"line":22,"column":null}}},"fnMap":{"0":{"name":"MainLayout","decl":{"start":{"line":8,"column":24},"end":{"line":8,"column":35}},"loc":{"start":{"line":8,"column":59},"end":{"line":22,"column":null}},"line":8}},"branchMap":{},"s":{"0":39},"f":{"0":39},"b":{},"meta":{"lastBranch":0,"lastFunction":1,"lastStatement":1,"seen":{"f:8:24:8:35":0,"s:9:2:22:Infinity":0}}}
,"E:\\Cesde\\Proyecto integrador\\Sound_Stream\\src\\components\\layout\\Navbar.jsx": {"path":"E:\\Cesde\\Proyecto integrador\\Sound_Stream\\src\\components\\layout\\Navbar.jsx","statementMap":{"0":{"start":{"line":5,"column":16},"end":{"line":5,"column":41}},"1":{"start":{"line":6,"column":8},"end":{"line":6,"column":32}},"2":{"start":{"line":9,"column":18},"end":{"line":9,"column":71}},"3":{"start":{"line":11,"column":2},"end":{"line":56,"column":null}},"4":{"start":{"line":16,"column":25},"end":{"line":16,"column":37}},"5":{"start":{"line":21,"column":25},"end":{"line":21,"column":36}}},"fnMap":{"0":{"name":"Navbar","decl":{"start":{"line":4,"column":24},"end":{"line":4,"column":33}},"loc":{"start":{"line":4,"column":33},"end":{"line":56,"column":null}},"line":4},"1":{"name":"(anonymous_1)","decl":{"start":{"line":16,"column":10},"end":{"line":16,"column":25}},"loc":{"start":{"line":16,"column":25},"end":{"line":16,"column":37}},"line":16},"2":{"name":"(anonymous_2)","decl":{"start":{"line":21,"column":10},"end":{"line":21,"column":25}},"loc":{"start":{"line":21,"column":25},"end":{"line":21,"column":36}},"line":21}},"branchMap":{"0":{"loc":{"start":{"line":9,"column":29},"end":{"line":9,"column":71}},"type":"binary-expr","locations":[{"start":{"line":9,"column":29},"end":{"line":9,"column":62}},{"start":{"line":9,"column":66},"end":{"line":9,"column":71}}],"line":9},"1":{"loc":{"start":{"line":41,"column":17},"end":{"line":41,"column":null}},"type":"cond-expr","locations":[{"start":{"line":41,"column":35},"end":{"line":41,"column":60}},{"start":{"line":41,"column":60},"end":{"line":41,"column":null}}],"line":41},"2":{"loc":{"start":{"line":45,"column":13},"end":{"line":45,"column":null}},"type":"cond-expr","locations":[{"start":{"line":45,"column":31},"end":{"line":45,"column":46}},{"start":{"line":45,"column":46},"end":{"line":45,"column":null}}],"line":45},"3":{"loc":{"start":{"line":49,"column":11},"end":{"line":56,"column":11}},"type":"cond-expr","locations":[{"start":{"line":50,"column":12},"end":{"line":52,"column":13}},{"start":{"line":52,"column":12},"end":{"line":56,"column":11}}],"line":49},"4":{"loc":{"start":{"line":53,"column":15},"end":{"line":53,"column":null}},"type":"cond-expr","locations":[{"start":{"line":53,"column":32},"end":{"line":53,"column":70}},{"start":{"line":53,"column":73},"end":{"line":53,"column":null}}],"line":53},"5":{"loc":{"start":{"line":56,"column":59},"end":{"line":56,"column":94}},"type":"binary-expr","locations":[{"start":{"line":56,"column":59},"end":{"line":56,"column":77}},{"start":{"line":56,"column":77},"end":{"line":56,"column":94}}],"line":56}},"s":{"0":41,"1":41,"2":41,"3":41,"4":1,"5":1},"f":{"0":41,"1":1,"2":1},"b":{"0":[41,9],"1":[2,39],"2":[2,39],"3":[0,41],"4":[12,29],"5":[41,29]},"meta":{"lastBranch":6,"lastFunction":3,"lastStatement":6,"seen":{"f:4:24:4:33":0,"s:5:16:5:41":0,"s:6:8:6:32":1,"s:9:18:9:71":2,"b:9:29:9:62:9:66:9:71":0,"s:11:2:56:Infinity":3,"f:16:10:16:25":1,"s:16:25:16:37":4,"f:21:10:21:25":2,"s:21:25:21:36":5,"b:41:35:41:60:41:60:41:Infinity":1,"b:45:31:45:46:45:46:45:Infinity":2,"b:50:12:52:13:52:12:56:11":3,"b:53:32:53:70:53:73:53:Infinity":4,"b:56:59:56:77:56:77:56:94":5}}}
,"E:\\Cesde\\Proyecto integrador\\Sound_Stream\\src\\components\\layout\\Sidebar.jsx": {"path":"E:\\Cesde\\Proyecto integrador\\Sound_Stream\\src\\components\\layout\\Sidebar.jsx","statementMap":{"0":{"start":{"line":4,"column":10},"end":{"line":4,"column":34}},"1":{"start":{"line":6,"column":4},"end":{"line":40,"column":null}}},"fnMap":{"0":{"name":"Sidebar","decl":{"start":{"line":3,"column":24},"end":{"line":3,"column":32}},"loc":{"start":{"line":3,"column":44},"end":{"line":40,"column":null}},"line":3}},"branchMap":{"0":{"loc":{"start":{"line":16,"column":129},"end":{"line":16,"column":null}},"type":"cond-expr","locations":[{"start":{"line":16,"column":163},"end":{"line":16,"column":194}},{"start":{"line":16,"column":194},"end":{"line":16,"column":null}}],"line":16},"1":{"loc":{"start":{"line":20,"column":129},"end":{"line":20,"column":null}},"type":"cond-expr","locations":[{"start":{"line":20,"column":163},"end":{"line":20,"column":194}},{"start":{"line":20,"column":194},"end":{"line":20,"column":null}}],"line":20},"2":{"loc":{"start":{"line":24,"column":133},"end":{"line":24,"column":null}},"type":"cond-expr","locations":[{"start":{"line":24,"column":171},"end":{"line":24,"column":202}},{"start":{"line":24,"column":202},"end":{"line":24,"column":null}}],"line":24},"3":{"loc":{"start":{"line":28,"column":129},"end":{"line":28,"column":null}},"type":"cond-expr","locations":[{"start":{"line":28,"column":163},"end":{"line":28,"column":194}},{"start":{"line":28,"column":194},"end":{"line":28,"column":null}}],"line":28}},"s":{"0":40,"1":40},"f":{"0":40},"b":{"0":[8,32],"1":[4,36],"2":[0,40],"3":[2,38]},"meta":{"lastBranch":4,"lastFunction":1,"lastStatement":2,"seen":{"f:3:24:3:32":0,"s:4:10:4:34":0,"s:6:4:40:Infinity":1,"b:16:163:16:194:16:194:16:Infinity":0,"b:20:163:20:194:20:194:20:Infinity":1,"b:24:171:24:202:24:202:24:Infinity":2,"b:28:163:28:194:28:194:28:Infinity":3}}}
,"E:\\Cesde\\Proyecto integrador\\Sound_Stream\\src\\components\\music\\AlbumCard.jsx": {"path":"E:\\Cesde\\Proyecto integrador\\Sound_Stream\\src\\components\\music\\AlbumCard.jsx","statementMap":{"0":{"start":{"line":2,"column":20},"end":{"line":2,"column":null}},"1":{"start":{"line":3,"column":16},"end":{"line":3,"column":null}},"2":{"start":{"line":5,"column":4},"end":{"line":33,"column":null}},"3":{"start":{"line":7,"column":27},"end":{"line":7,"column":47}}},"fnMap":{"0":{"name":"AlbumCard","decl":{"start":{"line":1,"column":24},"end":{"line":1,"column":34}},"loc":{"start":{"line":1,"column":58},"end":{"line":33,"column":null}},"line":1},"1":{"name":"(anonymous_1)","decl":{"start":{"line":7,"column":12},"end":{"line":7,"column":27}},"loc":{"start":{"line":7,"column":27},"end":{"line":7,"column":47}},"line":7}},"branchMap":{"0":{"loc":{"start":{"line":2,"column":20},"end":{"line":2,"column":null}},"type":"binary-expr","locations":[{"start":{"line":2,"column":20},"end":{"line":2,"column":70}},{"start":{"line":2,"column":74},"end":{"line":2,"column":null}}],"line":2},"1":{"loc":{"start":{"line":3,"column":16},"end":{"line":3,"column":null}},"type":"cond-expr","locations":[{"start":{"line":3,"column":36},"end":{"line":3,"column":77}},{"start":{"line":3,"column":80},"end":{"line":3,"column":null}}],"line":3},"2":{"loc":{"start":{"line":12,"column":17},"end":{"line":19,"column":17}},"type":"cond-expr","locations":[{"start":{"line":13,"column":20},"end":{"line":15,"column":21}},{"start":{"line":15,"column":20},"end":{"line":19,"column":17}}],"line":12},"3":{"loc":{"start":{"line":29,"column":35},"end":{"line":29,"column":null}},"type":"cond-expr","locations":[{"start":{"line":29,"column":41},"end":{"line":29,"column":55}},{"start":{"line":29,"column":55},"end":{"line":29,"column":null}}],"line":29},"4":{"loc":{"start":{"line":31,"column":13},"end":{"line":33,"column":null}},"type":"binary-expr","locations":[{"start":{"line":31,"column":13},"end":{"line":31,"column":null}},{"start":{"line":32,"column":16},"end":{"line":33,"column":null}}],"line":31},"5":{"loc":{"start":{"line":33,"column":40},"end":{"line":33,"column":null}},"type":"cond-expr","locations":[{"start":{"line":33,"column":65},"end":{"line":33,"column":77}},{"start":{"line":33,"column":77},"end":{"line":33,"column":null}}],"line":33}},"s":{"0":5,"1":5,"2":5,"3":1},"f":{"0":5,"1":1},"b":{"0":[5,0],"1":[5,0],"2":[5,0],"3":[5,0],"4":[5,5],"5":[0,5]},"meta":{"lastBranch":6,"lastFunction":2,"lastStatement":4,"seen":{"f:1:24:1:34":0,"s:2:20:2:Infinity":0,"b:2:20:2:70:2:74:2:Infinity":0,"s:3:16:3:Infinity":1,"b:3:36:3:77:3:80:3:Infinity":1,"s:5:4:33:Infinity":2,"f:7:12:7:27":1,"s:7:27:7:47":3,"b:13:20:15:21:15:20:19:17":2,"b:29:41:29:55:29:55:29:Infinity":3,"b:31:13:31:Infinity:32:16:33:Infinity":4,"b:33:65:33:77:33:77:33:Infinity":5}}}
,"E:\\Cesde\\Proyecto integrador\\Sound_Stream\\src\\components\\music\\ArtistCard.jsx": {"path":"E:\\Cesde\\Proyecto integrador\\Sound_Stream\\src\\components\\music\\ArtistCard.jsx","statementMap":{"0":{"start":{"line":3,"column":16},"end":{"line":3,"column":null}},"1":{"start":{"line":3,"column":67},"end":{"line":3,"column":88}},"2":{"start":{"line":4,"column":23},"end":{"line":4,"column":null}},"3":{"start":{"line":7,"column":10},"end":{"line":8,"column":78}},"4":{"start":{"line":8,"column":43},"end":{"line":8,"column":69}},"5":{"start":{"line":10,"column":4},"end":{"line":38,"column":null}},"6":{"start":{"line":12,"column":27},"end":{"line":12,"column":49}}},"fnMap":{"0":{"name":"ArtistCard","decl":{"start":{"line":1,"column":24},"end":{"line":1,"column":35}},"loc":{"start":{"line":1,"column":61},"end":{"line":38,"column":null}},"line":1},"1":{"name":"(anonymous_1)","decl":{"start":{"line":3,"column":48},"end":{"line":3,"column":56}},"loc":{"start":{"line":3,"column":67},"end":{"line":3,"column":88}},"line":3},"2":{"name":"(anonymous_2)","decl":{"start":{"line":8,"column":32},"end":{"line":8,"column":37}},"loc":{"start":{"line":8,"column":43},"end":{"line":8,"column":69}},"line":8},"3":{"name":"(anonymous_3)","decl":{"start":{"line":12,"column":12},"end":{"line":12,"column":27}},"loc":{"start":{"line":12,"column":27},"end":{"line":12,"column":49}},"line":12}},"branchMap":{"0":{"loc":{"start":{"line":3,"column":21},"end":{"line":3,"column":47}},"type":"binary-expr","locations":[{"start":{"line":3,"column":21},"end":{"line":3,"column":43}},{"start":{"line":3,"column":43},"end":{"line":3,"column":47}}],"line":3},"1":{"loc":{"start":{"line":7,"column":23},"end":{"line":7,"column":null}},"type":"binary-expr","locations":[{"start":{"line":7,"column":23},"end":{"line":7,"column":45}},{"start":{"line":7,"column":45},"end":{"line":7,"column":null}}],"line":7},"2":{"loc":{"start":{"line":8,"column":43},"end":{"line":8,"column":69}},"type":"binary-expr","locations":[{"start":{"line":8,"column":43},"end":{"line":8,"column":62}},{"start":{"line":8,"column":66},"end":{"line":8,"column":69}}],"line":8},"3":{"loc":{"start":{"line":35,"column":13},"end":{"line":38,"column":null}},"type":"binary-expr","locations":[{"start":{"line":35,"column":13},"end":{"line":35,"column":null}},{"start":{"line":36,"column":16},"end":{"line":38,"column":null}}],"line":35}},"s":{"0":1,"1":8,"2":1,"3":1,"4":2,"5":1,"6":0},"f":{"0":1,"1":8,"2":2,"3":0},"b":{"0":[1,0],"1":[1,0],"2":[2,0],"3":[1,1]},"meta":{"lastBranch":4,"lastFunction":4,"lastStatement":7,"seen":{"f:1:24:1:35":0,"s:3:16:3:Infinity":0,"b:3:21:3:43:3:43:3:47":0,"f:3:48:3:56":1,"s:3:67:3:88":1,"s:4:23:4:Infinity":2,"s:7:10:8:78":3,"b:7:23:7:45:7:45:7:Infinity":1,"f:8:32:8:37":2,"s:8:43:8:69":4,"b:8:43:8:62:8:66:8:69":2,"s:10:4:38:Infinity":5,"f:12:12:12:27":3,"s:12:27:12:49":6,"b:35:13:35:Infinity:36:16:38:Infinity":3}}}
,"E:\\Cesde\\Proyecto integrador\\Sound_Stream\\src\\components\\music\\ModalAgregarPlaylist.jsx": {"path":"E:\\Cesde\\Proyecto integrador\\Sound_Stream\\src\\components\\music\\ModalAgregarPlaylist.jsx","statementMap":{"0":{"start":{"line":5,"column":22},"end":{"line":5,"column":50}},"1":{"start":{"line":6,"column":25},"end":{"line":6,"column":58}},"2":{"start":{"line":8,"column":20},"end":{"line":8,"column":73}},"3":{"start":{"line":10,"column":4},"end":{"line":20,"column":null}},"4":{"start":{"line":11,"column":23},"end":{"line":16,"column":null}},"5":{"start":{"line":12,"column":12},"end":{"line":16,"column":null}},"6":{"start":{"line":13,"column":28},"end":{"line":13,"column":104}},"7":{"start":{"line":14,"column":16},"end":{"line":14,"column":null}},"8":{"start":{"line":16,"column":16},"end":{"line":16,"column":null}},"9":{"start":{"line":19,"column":8},"end":{"line":19,"column":null}},"10":{"start":{"line":22,"column":20},"end":{"line":36,"column":null}},"11":{"start":{"line":23,"column":8},"end":{"line":36,"column":null}},"12":{"start":{"line":24,"column":12},"end":{"line":31,"column":null}},"13":{"start":{"line":32,"column":12},"end":{"line":32,"column":null}},"14":{"start":{"line":33,"column":12},"end":{"line":33,"column":null}},"15":{"start":{"line":33,"column":31},"end":{"line":33,"column":54}},"16":{"start":{"line":33,"column":54},"end":{"line":33,"column":69}},"17":{"start":{"line":35,"column":12},"end":{"line":35,"column":null}},"18":{"start":{"line":36,"column":12},"end":{"line":36,"column":null}},"19":{"start":{"line":36,"column":29},"end":{"line":36,"column":50}},"20":{"start":{"line":40,"column":4},"end":{"line":83,"column":null}},"21":{"start":{"line":59,"column":24},"end":{"line":74,"column":null}},"22":{"start":{"line":61,"column":43},"end":{"line":61,"column":57}}},"fnMap":{"0":{"name":"ModalAgregarPlaylist","decl":{"start":{"line":4,"column":24},"end":{"line":4,"column":45}},"loc":{"start":{"line":4,"column":65},"end":{"line":83,"column":null}},"line":4},"1":{"name":"(anonymous_1)","decl":{"start":{"line":10,"column":4},"end":{"line":10,"column":20}},"loc":{"start":{"line":10,"column":20},"end":{"line":20,"column":9}},"line":10},"2":{"name":"(anonymous_2)","decl":{"start":{"line":11,"column":23},"end":{"line":11,"column":35}},"loc":{"start":{"line":11,"column":35},"end":{"line":16,"column":null}},"line":11},"3":{"name":"(anonymous_3)","decl":{"start":{"line":22,"column":20},"end":{"line":22,"column":27}},"loc":{"start":{"line":22,"column":42},"end":{"line":36,"column":null}},"line":22},"4":{"name":"(anonymous_4)","decl":{"start":{"line":33,"column":12},"end":{"line":33,"column":29}},"loc":{"start":{"line":33,"column":29},"end":{"line":33,"column":74}},"line":33},"5":{"name":"(anonymous_5)","decl":{"start":{"line":36,"column":12},"end":{"line":36,"column":29}},"loc":{"start":{"line":36,"column":29},"end":{"line":36,"column":50}},"line":36},"6":{"name":"(anonymous_6)","decl":{"start":{"line":58,"column":31},"end":{"line":58,"column":35}},"loc":{"start":{"line":59,"column":24},"end":{"line":74,"column":null}},"line":59},"7":{"name":"(anonymous_7)","decl":{"start":{"line":61,"column":28},"end":{"line":61,"column":43}},"loc":{"start":{"line":61,"column":43},"end":{"line":61,"column":57}},"line":61}},"branchMap":{"0":{"loc":{"start":{"line":8,"column":31},"end":{"line":8,"column":73}},"type":"binary-expr","locations":[{"start":{"line":8,"column":31},"end":{"line":8,"column":64}},{"start":{"line":8,"column":68},"end":{"line":8,"column":73}}],"line":8},"1":{"loc":{"start":{"line":47,"column":17},"end":{"line":50,"column":null}},"type":"binary-expr","locations":[{"start":{"line":47,"column":17},"end":{"line":47,"column":null}},{"start":{"line":48,"column":20},"end":{"line":50,"column":null}}],"line":47},"2":{"loc":{"start":{"line":48,"column":85},"end":{"line":48,"column":null}},"type":"cond-expr","locations":[{"start":{"line":48,"column":117},"end":{"line":48,"column":148}},{"start":{"line":48,"column":148},"end":{"line":48,"column":null}}],"line":48},"3":{"loc":{"start":{"line":53,"column":17},"end":{"line":54,"column":null}},"type":"binary-expr","locations":[{"start":{"line":53,"column":17},"end":{"line":53,"column":null}},{"start":{"line":54,"column":20},"end":{"line":54,"column":null}}],"line":53},"4":{"loc":{"start":{"line":65,"column":37},"end":{"line":65,"column":null}},"type":"binary-expr","locations":[{"start":{"line":65,"column":37},"end":{"line":65,"column":51}},{"start":{"line":65,"column":51},"end":{"line":65,"column":null}}],"line":65},"5":{"loc":{"start":{"line":71,"column":72},"end":{"line":71,"column":112}},"type":"binary-expr","locations":[{"start":{"line":71,"column":72},"end":{"line":71,"column":90}},{"start":{"line":71,"column":90},"end":{"line":71,"column":112}}],"line":71}},"s":{"0":5,"1":5,"2":5,"3":5,"4":2,"5":2,"6":2,"7":2,"8":0,"9":2,"10":5,"11":1,"12":1,"13":1,"14":1,"15":0,"16":0,"17":0,"18":0,"19":0,"20":5,"21":3,"22":1},"f":{"0":5,"1":2,"2":2,"3":1,"4":0,"5":0,"6":3,"7":1},"b":{"0":[5,0],"1":[5,1],"2":[1,0],"3":[5,2],"4":[3,3],"5":[3,0]},"meta":{"lastBranch":6,"lastFunction":8,"lastStatement":23,"seen":{"f:4:24:4:45":0,"s:5:22:5:50":0,"s:6:25:6:58":1,"s:8:20:8:73":2,"b:8:31:8:64:8:68:8:73":0,"s:10:4:20:Infinity":3,"f:10:4:10:20":1,"s:11:23:16:Infinity":4,"f:11:23:11:35":2,"s:12:12:16:Infinity":5,"s:13:28:13:104":6,"s:14:16:14:Infinity":7,"s:16:16:16:Infinity":8,"s:19:8:19:Infinity":9,"s:22:20:36:Infinity":10,"f:22:20:22:27":3,"s:23:8:36:Infinity":11,"s:24:12:31:Infinity":12,"s:32:12:32:Infinity":13,"s:33:12:33:Infinity":14,"f:33:12:33:29":4,"s:33:31:33:54":15,"s:33:54:33:69":16,"s:35:12:35:Infinity":17,"s:36:12:36:Infinity":18,"f:36:12:36:29":5,"s:36:29:36:50":19,"s:40:4:83:Infinity":20,"b:47:17:47:Infinity:48:20:50:Infinity":1,"b:48:117:48:148:48:148:48:Infinity":2,"b:53:17:53:Infinity:54:20:54:Infinity":3,"f:58:31:58:35":6,"s:59:24:74:Infinity":21,"f:61:28:61:43":7,"s:61:43:61:57":22,"b:65:37:65:51:65:51:65:Infinity":4,"b:71:72:71:90:71:90:71:112":5}}}
,"E:\\Cesde\\Proyecto integrador\\Sound_Stream\\src\\components\\music\\ModalVerAlbum.jsx": {"path":"E:\\Cesde\\Proyecto integrador\\Sound_Stream\\src\\components\\music\\ModalVerAlbum.jsx","statementMap":{"0":{"start":{"line":6,"column":22},"end":{"line":6,"column":50}},"1":{"start":{"line":7,"column":21},"end":{"line":7,"column":50}},"2":{"start":{"line":8,"column":18},"end":{"line":8,"column":45}},"3":{"start":{"line":9,"column":54},"end":{"line":9,"column":84}},"4":{"start":{"line":11,"column":4},"end":{"line":21,"column":null}},"5":{"start":{"line":12,"column":8},"end":{"line":20,"column":null}},"6":{"start":{"line":16,"column":31},"end":{"line":16,"column":86}},"7":{"start":{"line":16,"column":60},"end":{"line":16,"column":86}},"8":{"start":{"line":17,"column":16},"end":{"line":17,"column":null}},"9":{"start":{"line":19,"column":25},"end":{"line":19,"column":39}},"10":{"start":{"line":20,"column":27},"end":{"line":20,"column":45}},"11":{"start":{"line":23,"column":10},"end":{"line":28,"column":null}},"12":{"start":{"line":24,"column":25},"end":{"line":24,"column":null}},"13":{"start":{"line":25,"column":8},"end":{"line":28,"column":null}},"14":{"start":{"line":26,"column":12},"end":{"line":26,"column":null}},"15":{"start":{"line":28,"column":12},"end":{"line":28,"column":null}},"16":{"start":{"line":32,"column":10},"end":{"line":37,"column":null}},"17":{"start":{"line":33,"column":8},"end":{"line":33,"column":null}},"18":{"start":{"line":33,"column":17},"end":{"line":33,"column":null}},"19":{"start":{"line":34,"column":20},"end":{"line":34,"column":41}},"20":{"start":{"line":35,"column":20},"end":{"line":35,"column":40}},"21":{"start":{"line":36,"column":18},"end":{"line":36,"column":51}},"22":{"start":{"line":37,"column":8},"end":{"line":37,"column":null}},"23":{"start":{"line":40,"column":26},"end":{"line":40,"column":null}},"24":{"start":{"line":41,"column":16},"end":{"line":41,"column":null}},"25":{"start":{"line":43,"column":4},"end":{"line":165,"column":null}},"26":{"start":{"line":94,"column":41},"end":{"line":94,"column":null}},"27":{"start":{"line":95,"column":40},"end":{"line":95,"column":null}},"28":{"start":{"line":96,"column":43},"end":{"line":96,"column":null}},"29":{"start":{"line":98,"column":24},"end":{"line":152,"column":null}},"30":{"start":{"line":101,"column":47},"end":{"line":101,"column":91}}},"fnMap":{"0":{"name":"ModalVerAlbum","decl":{"start":{"line":5,"column":24},"end":{"line":5,"column":38}},"loc":{"start":{"line":5,"column":59},"end":{"line":165,"column":null}},"line":5},"1":{"name":"(anonymous_1)","decl":{"start":{"line":11,"column":4},"end":{"line":11,"column":20}},"loc":{"start":{"line":11,"column":20},"end":{"line":21,"column":8}},"line":11},"2":{"name":"(anonymous_2)","decl":{"start":{"line":14,"column":13},"end":{"line":14,"column":18}},"loc":{"start":{"line":14,"column":25},"end":{"line":18,"column":null}},"line":14},"3":{"name":"(anonymous_3)","decl":{"start":{"line":16,"column":48},"end":{"line":16,"column":55}},"loc":{"start":{"line":16,"column":60},"end":{"line":16,"column":86}},"line":16},"4":{"name":"(anonymous_4)","decl":{"start":{"line":19,"column":13},"end":{"line":19,"column":25}},"loc":{"start":{"line":19,"column":25},"end":{"line":19,"column":39}},"line":19},"5":{"name":"(anonymous_5)","decl":{"start":{"line":20,"column":13},"end":{"line":20,"column":27}},"loc":{"start":{"line":20,"column":27},"end":{"line":20,"column":45}},"line":20},"6":{"name":"(anonymous_6)","decl":{"start":{"line":23,"column":10},"end":{"line":23,"column":31}},"loc":{"start":{"line":23,"column":51},"end":{"line":28,"column":null}},"line":23},"7":{"name":"(anonymous_7)","decl":{"start":{"line":32,"column":10},"end":{"line":32,"column":31}},"loc":{"start":{"line":32,"column":38},"end":{"line":37,"column":null}},"line":32},"8":{"name":"(anonymous_8)","decl":{"start":{"line":93,"column":54},"end":{"line":93,"column":59}},"loc":{"start":{"line":93,"column":74},"end":{"line":152,"column":null}},"line":93},"9":{"name":"(anonymous_9)","decl":{"start":{"line":101,"column":32},"end":{"line":101,"column":47}},"loc":{"start":{"line":101,"column":47},"end":{"line":101,"column":91}},"line":101}},"branchMap":{"0":{"loc":{"start":{"line":25,"column":8},"end":{"line":28,"column":null}},"type":"if","locations":[{"start":{"line":25,"column":8},"end":{"line":28,"column":null}},{"start":{"line":27,"column":15},"end":{"line":28,"column":null}}],"line":25},"1":{"loc":{"start":{"line":33,"column":8},"end":{"line":33,"column":null}},"type":"if","locations":[{"start":{"line":33,"column":8},"end":{"line":33,"column":null}},{"start":{},"end":{}}],"line":33},"2":{"loc":{"start":{"line":40,"column":26},"end":{"line":40,"column":null}},"type":"binary-expr","locations":[{"start":{"line":40,"column":26},"end":{"line":40,"column":76}},{"start":{"line":40,"column":80},"end":{"line":40,"column":null}}],"line":40},"3":{"loc":{"start":{"line":41,"column":16},"end":{"line":41,"column":null}},"type":"cond-expr","locations":[{"start":{"line":41,"column":36},"end":{"line":41,"column":77}},{"start":{"line":41,"column":80},"end":{"line":41,"column":null}}],"line":41},"4":{"loc":{"start":{"line":51,"column":25},"end":{"line":56,"column":null}},"type":"cond-expr","locations":[{"start":{"line":52,"column":28},"end":{"line":54,"column":29}},{"start":{"line":54,"column":28},"end":{"line":56,"column":null}}],"line":51},"5":{"loc":{"start":{"line":61,"column":89},"end":{"line":61,"column":null}},"type":"cond-expr","locations":[{"start":{"line":61,"column":95},"end":{"line":61,"column":109}},{"start":{"line":61,"column":109},"end":{"line":61,"column":null}}],"line":61},"6":{"loc":{"start":{"line":63,"column":29},"end":{"line":63,"column":null}},"type":"cond-expr","locations":[{"start":{"line":63,"column":40},"end":{"line":63,"column":56}},{"start":{"line":63,"column":56},"end":{"line":63,"column":null}}],"line":63},"7":{"loc":{"start":{"line":63,"column":79},"end":{"line":63,"column":null}},"type":"cond-expr","locations":[{"start":{"line":63,"column":104},"end":{"line":63,"column":116}},{"start":{"line":63,"column":116},"end":{"line":63,"column":null}}],"line":63},"8":{"loc":{"start":{"line":76,"column":21},"end":{"line":79,"column":null}},"type":"binary-expr","locations":[{"start":{"line":76,"column":21},"end":{"line":76,"column":null}},{"start":{"line":77,"column":24},"end":{"line":79,"column":null}}],"line":76},"9":{"loc":{"start":{"line":82,"column":21},"end":{"line":83,"column":null}},"type":"binary-expr","locations":[{"start":{"line":82,"column":21},"end":{"line":82,"column":34}},{"start":{"line":82,"column":34},"end":{"line":82,"column":null}},{"start":{"line":83,"column":24},"end":{"line":83,"column":null}}],"line":82},"10":{"loc":{"start":{"line":86,"column":21},"end":{"line":89,"column":null}},"type":"binary-expr","locations":[{"start":{"line":86,"column":21},"end":{"line":86,"column":34}},{"start":{"line":86,"column":34},"end":{"line":86,"column":44}},{"start":{"line":86,"column":44},"end":{"line":86,"column":null}},{"start":{"line":87,"column":24},"end":{"line":89,"column":null}}],"line":86},"11":{"loc":{"start":{"line":93,"column":21},"end":{"line":152,"column":null}},"type":"binary-expr","locations":[{"start":{"line":93,"column":21},"end":{"line":93,"column":34}},{"start":{"line":93,"column":34},"end":{"line":93,"column":44}},{"start":{"line":93,"column":44},"end":{"line":152,"column":null}}],"line":93},"12":{"loc":{"start":{"line":95,"column":40},"end":{"line":95,"column":null}},"type":"binary-expr","locations":[{"start":{"line":95,"column":40},"end":{"line":95,"column":90}},{"start":{"line":95,"column":94},"end":{"line":95,"column":null}}],"line":95},"13":{"loc":{"start":{"line":101,"column":47},"end":{"line":101,"column":91}},"type":"binary-expr","locations":[{"start":{"line":101,"column":47},"end":{"line":101,"column":62}},{"start":{"line":101,"column":62},"end":{"line":101,"column":91}}],"line":101},"14":{"loc":{"start":{"line":104,"column":36},"end":{"line":104,"column":null}},"type":"cond-expr","locations":[{"start":{"line":104,"column":49},"end":{"line":104,"column":83}},{"start":{"line":104,"column":83},"end":{"line":104,"column":null}}],"line":104},"15":{"loc":{"start":{"line":105,"column":36},"end":{"line":105,"column":null}},"type":"cond-expr","locations":[{"start":{"line":105,"column":47},"end":{"line":105,"column":83}},{"start":{"line":105,"column":83},"end":{"line":105,"column":null}}],"line":105},"16":{"loc":{"start":{"line":110,"column":37},"end":{"line":125,"column":null}},"type":"cond-expr","locations":[{"start":{"line":111,"column":40},"end":{"line":116,"column":null}},{"start":{"line":116,"column":40},"end":{"line":125,"column":null}}],"line":110},"17":{"loc":{"start":{"line":113,"column":45},"end":{"line":113,"column":null}},"type":"cond-expr","locations":[{"start":{"line":113,"column":61},"end":{"line":113,"column":71}},{"start":{"line":113,"column":71},"end":{"line":113,"column":null}}],"line":113},"18":{"loc":{"start":{"line":118,"column":49},"end":{"line":118,"column":null}},"type":"binary-expr","locations":[{"start":{"line":118,"column":49},"end":{"line":118,"column":72}},{"start":{"line":118,"column":72},"end":{"line":118,"column":null}}],"line":118},"19":{"loc":{"start":{"line":120,"column":45},"end":{"line":125,"column":null}},"type":"binary-expr","locations":[{"start":{"line":120,"column":45},"end":{"line":120,"column":null}},{"start":{"line":121,"column":48},"end":{"line":125,"column":null}}],"line":120},"20":{"loc":{"start":{"line":131,"column":37},"end":{"line":136,"column":null}},"type":"cond-expr","locations":[{"start":{"line":132,"column":40},"end":{"line":134,"column":41}},{"start":{"line":134,"column":40},"end":{"line":136,"column":null}}],"line":131},"21":{"loc":{"start":{"line":142,"column":80},"end":{"line":142,"column":null}},"type":"cond-expr","locations":[{"start":{"line":142,"column":91},"end":{"line":142,"column":108}},{"start":{"line":142,"column":108},"end":{"line":142,"column":null}}],"line":142}},"s":{"0":2,"1":2,"2":2,"3":2,"4":2,"5":1,"6":1,"7":2,"8":1,"9":0,"10":1,"11":2,"12":0,"13":0,"14":0,"15":0,"16":2,"17":1,"18":0,"19":1,"20":1,"21":1,"22":1,"23":2,"24":2,"25":2,"26":1,"27":1,"28":1,"29":1,"30":0},"f":{"0":2,"1":1,"2":1,"3":2,"4":0,"5":1,"6":0,"7":1,"8":1,"9":0},"b":{"0":[0,0],"1":[0,1],"2":[2,0],"3":[2,0],"4":[2,0],"5":[2,0],"6":[1,1],"7":[1,0],"8":[2,1],"9":[2,1,0],"10":[2,1,1,0],"11":[2,1,1],"12":[1,0],"13":[0,0],"14":[0,1],"15":[0,1],"16":[0,1],"17":[0,0],"18":[1,1],"19":[1,1],"20":[1,0],"21":[0,1]},"meta":{"lastBranch":22,"lastFunction":10,"lastStatement":31,"seen":{"f:5:24:5:38":0,"s:6:22:6:50":0,"s:7:21:7:50":1,"s:8:18:8:45":2,"s:9:54:9:84":3,"s:11:4:21:Infinity":4,"f:11:4:11:20":1,"s:12:8:20:Infinity":5,"f:14:13:14:18":2,"s:16:31:16:86":6,"f:16:48:16:55":3,"s:16:60:16:86":7,"s:17:16:17:Infinity":8,"f:19:13:19:25":4,"s:19:25:19:39":9,"f:20:13:20:27":5,"s:20:27:20:45":10,"s:23:10:28:Infinity":11,"f:23:10:23:31":6,"s:24:25:24:Infinity":12,"b:25:8:28:Infinity:27:15:28:Infinity":0,"s:25:8:28:Infinity":13,"s:26:12:26:Infinity":14,"s:28:12:28:Infinity":15,"s:32:10:37:Infinity":16,"f:32:10:32:31":7,"b:33:8:33:Infinity:undefined:undefined:undefined:undefined":1,"s:33:8:33:Infinity":17,"s:33:17:33:Infinity":18,"s:34:20:34:41":19,"s:35:20:35:40":20,"s:36:18:36:51":21,"s:37:8:37:Infinity":22,"s:40:26:40:Infinity":23,"b:40:26:40:76:40:80:40:Infinity":2,"s:41:16:41:Infinity":24,"b:41:36:41:77:41:80:41:Infinity":3,"s:43:4:165:Infinity":25,"b:52:28:54:29:54:28:56:Infinity":4,"b:61:95:61:109:61:109:61:Infinity":5,"b:63:40:63:56:63:56:63:Infinity":6,"b:63:104:63:116:63:116:63:Infinity":7,"b:76:21:76:Infinity:77:24:79:Infinity":8,"b:82:21:82:34:82:34:82:Infinity:83:24:83:Infinity":9,"b:86:21:86:34:86:34:86:44:86:44:86:Infinity:87:24:89:Infinity":10,"b:93:21:93:34:93:34:93:44:93:44:152:Infinity":11,"f:93:54:93:59":8,"s:94:41:94:Infinity":26,"s:95:40:95:Infinity":27,"b:95:40:95:90:95:94:95:Infinity":12,"s:96:43:96:Infinity":28,"s:98:24:152:Infinity":29,"f:101:32:101:47":9,"s:101:47:101:91":30,"b:101:47:101:62:101:62:101:91":13,"b:104:49:104:83:104:83:104:Infinity":14,"b:105:47:105:83:105:83:105:Infinity":15,"b:111:40:116:Infinity:116:40:125:Infinity":16,"b:113:61:113:71:113:71:113:Infinity":17,"b:118:49:118:72:118:72:118:Infinity":18,"b:120:45:120:Infinity:121:48:125:Infinity":19,"b:132:40:134:41:134:40:136:Infinity":20,"b:142:91:142:108:142:108:142:Infinity":21}}}
,"E:\\Cesde\\Proyecto integrador\\Sound_Stream\\src\\components\\music\\ModalVerPlaylist.jsx": {"path":"E:\\Cesde\\Proyecto integrador\\Sound_Stream\\src\\components\\music\\ModalVerPlaylist.jsx","statementMap":{"0":{"start":{"line":6,"column":22},"end":{"line":6,"column":50}},"1":{"start":{"line":7,"column":21},"end":{"line":7,"column":50}},"2":{"start":{"line":8,"column":25},"end":{"line":8,"column":58}},"3":{"start":{"line":9,"column":54},"end":{"line":9,"column":84}},"4":{"start":{"line":11,"column":4},"end":{"line":23,"column":null}},"5":{"start":{"line":12,"column":23},"end":{"line":19,"column":null}},"6":{"start":{"line":13,"column":12},"end":{"line":19,"column":null}},"7":{"start":{"line":14,"column":28},"end":{"line":14,"column":107}},"8":{"start":{"line":15,"column":16},"end":{"line":15,"column":null}},"9":{"start":{"line":17,"column":16},"end":{"line":17,"column":null}},"10":{"start":{"line":19,"column":16},"end":{"line":19,"column":null}},"11":{"start":{"line":22,"column":8},"end":{"line":22,"column":null}},"12":{"start":{"line":25,"column":28},"end":{"line":36,"column":null}},"13":{"start":{"line":26,"column":8},"end":{"line":26,"column":null}},"14":{"start":{"line":27,"column":8},"end":{"line":36,"column":null}},"15":{"start":{"line":28,"column":12},"end":{"line":28,"column":null}},"16":{"start":{"line":29,"column":27},"end":{"line":29,"column":71}},"17":{"start":{"line":29,"column":49},"end":{"line":29,"column":71}},"18":{"start":{"line":30,"column":12},"end":{"line":30,"column":null}},"19":{"start":{"line":31,"column":12},"end":{"line":31,"column":null}},"20":{"start":{"line":32,"column":12},"end":{"line":32,"column":null}},"21":{"start":{"line":32,"column":29},"end":{"line":32,"column":50}},"22":{"start":{"line":33,"column":12},"end":{"line":33,"column":null}},"23":{"start":{"line":33,"column":39},"end":{"line":33,"column":null}},"24":{"start":{"line":35,"column":12},"end":{"line":35,"column":null}},"25":{"start":{"line":36,"column":12},"end":{"line":36,"column":null}},"26":{"start":{"line":36,"column":29},"end":{"line":36,"column":50}},"27":{"start":{"line":40,"column":10},"end":{"line":45,"column":null}},"28":{"start":{"line":41,"column":25},"end":{"line":41,"column":null}},"29":{"start":{"line":42,"column":8},"end":{"line":45,"column":null}},"30":{"start":{"line":43,"column":12},"end":{"line":43,"column":null}},"31":{"start":{"line":45,"column":12},"end":{"line":45,"column":null}},"32":{"start":{"line":49,"column":10},"end":{"line":54,"column":null}},"33":{"start":{"line":50,"column":8},"end":{"line":50,"column":null}},"34":{"start":{"line":50,"column":17},"end":{"line":50,"column":null}},"35":{"start":{"line":51,"column":20},"end":{"line":51,"column":41}},"36":{"start":{"line":52,"column":20},"end":{"line":52,"column":40}},"37":{"start":{"line":53,"column":18},"end":{"line":53,"column":51}},"38":{"start":{"line":54,"column":8},"end":{"line":54,"column":null}},"39":{"start":{"line":57,"column":4},"end":{"line":179,"column":null}},"40":{"start":{"line":107,"column":41},"end":{"line":107,"column":null}},"41":{"start":{"line":108,"column":40},"end":{"line":108,"column":null}},"42":{"start":{"line":110,"column":24},"end":{"line":166,"column":null}},"43":{"start":{"line":113,"column":47},"end":{"line":113,"column":76}},"44":{"start":{"line":160,"column":52},"end":{"line":160,"column":87}}},"fnMap":{"0":{"name":"ModalVerPlaylist","decl":{"start":{"line":5,"column":24},"end":{"line":5,"column":41}},"loc":{"start":{"line":5,"column":88},"end":{"line":179,"column":null}},"line":5},"1":{"name":"(anonymous_1)","decl":{"start":{"line":11,"column":4},"end":{"line":11,"column":20}},"loc":{"start":{"line":11,"column":20},"end":{"line":23,"column":8}},"line":11},"2":{"name":"(anonymous_2)","decl":{"start":{"line":12,"column":23},"end":{"line":12,"column":35}},"loc":{"start":{"line":12,"column":35},"end":{"line":19,"column":null}},"line":12},"3":{"name":"(anonymous_3)","decl":{"start":{"line":25,"column":28},"end":{"line":25,"column":35}},"loc":{"start":{"line":25,"column":50},"end":{"line":36,"column":null}},"line":25},"4":{"name":"(anonymous_4)","decl":{"start":{"line":29,"column":37},"end":{"line":29,"column":44}},"loc":{"start":{"line":29,"column":49},"end":{"line":29,"column":71}},"line":29},"5":{"name":"(anonymous_5)","decl":{"start":{"line":32,"column":12},"end":{"line":32,"column":29}},"loc":{"start":{"line":32,"column":29},"end":{"line":32,"column":50}},"line":32},"6":{"name":"(anonymous_6)","decl":{"start":{"line":36,"column":12},"end":{"line":36,"column":29}},"loc":{"start":{"line":36,"column":29},"end":{"line":36,"column":50}},"line":36},"7":{"name":"(anonymous_7)","decl":{"start":{"line":40,"column":10},"end":{"line":40,"column":31}},"loc":{"start":{"line":40,"column":51},"end":{"line":45,"column":null}},"line":40},"8":{"name":"(anonymous_8)","decl":{"start":{"line":49,"column":10},"end":{"line":49,"column":31}},"loc":{"start":{"line":49,"column":38},"end":{"line":54,"column":null}},"line":49},"9":{"name":"(anonymous_9)","decl":{"start":{"line":106,"column":44},"end":{"line":106,"column":49}},"loc":{"start":{"line":106,"column":64},"end":{"line":166,"column":null}},"line":106},"10":{"name":"(anonymous_10)","decl":{"start":{"line":113,"column":32},"end":{"line":113,"column":47}},"loc":{"start":{"line":113,"column":47},"end":{"line":113,"column":76}},"line":113},"11":{"name":"(anonymous_11)","decl":{"start":{"line":160,"column":36},"end":{"line":160,"column":46}},"loc":{"start":{"line":160,"column":52},"end":{"line":160,"column":87}},"line":160}},"branchMap":{"0":{"loc":{"start":{"line":33,"column":12},"end":{"line":33,"column":null}},"type":"if","locations":[{"start":{"line":33,"column":12},"end":{"line":33,"column":null}},{"start":{},"end":{}}],"line":33},"1":{"loc":{"start":{"line":42,"column":8},"end":{"line":45,"column":null}},"type":"if","locations":[{"start":{"line":42,"column":8},"end":{"line":45,"column":null}},{"start":{"line":44,"column":15},"end":{"line":45,"column":null}}],"line":42},"2":{"loc":{"start":{"line":50,"column":8},"end":{"line":50,"column":null}},"type":"if","locations":[{"start":{"line":50,"column":8},"end":{"line":50,"column":null}},{"start":{},"end":{}}],"line":50},"3":{"loc":{"start":{"line":65,"column":29},"end":{"line":65,"column":null}},"type":"binary-expr","locations":[{"start":{"line":65,"column":29},"end":{"line":65,"column":49}},{"start":{"line":65,"column":49},"end":{"line":65,"column":null}}],"line":65},"4":{"loc":{"start":{"line":71,"column":71},"end":{"line":71,"column":117}},"type":"binary-expr","locations":[{"start":{"line":71,"column":71},"end":{"line":71,"column":95}},{"start":{"line":71,"column":95},"end":{"line":71,"column":117}}],"line":71},"5":{"loc":{"start":{"line":73,"column":48},"end":{"line":73,"column":null}},"type":"cond-expr","locations":[{"start":{"line":73,"column":73},"end":{"line":73,"column":85}},{"start":{"line":73,"column":85},"end":{"line":73,"column":null}}],"line":73},"6":{"loc":{"start":{"line":85,"column":17},"end":{"line":88,"column":null}},"type":"binary-expr","locations":[{"start":{"line":85,"column":17},"end":{"line":85,"column":null}},{"start":{"line":86,"column":20},"end":{"line":88,"column":null}}],"line":85},"7":{"loc":{"start":{"line":86,"column":99},"end":{"line":86,"column":null}},"type":"cond-expr","locations":[{"start":{"line":86,"column":131},"end":{"line":86,"column":162}},{"start":{"line":86,"column":162},"end":{"line":86,"column":null}}],"line":86},"8":{"loc":{"start":{"line":93,"column":21},"end":{"line":96,"column":null}},"type":"binary-expr","locations":[{"start":{"line":93,"column":21},"end":{"line":93,"column":null}},{"start":{"line":94,"column":24},"end":{"line":96,"column":null}}],"line":93},"9":{"loc":{"start":{"line":99,"column":21},"end":{"line":102,"column":null}},"type":"binary-expr","locations":[{"start":{"line":99,"column":21},"end":{"line":99,"column":34}},{"start":{"line":99,"column":34},"end":{"line":99,"column":null}},{"start":{"line":100,"column":24},"end":{"line":102,"column":null}}],"line":99},"10":{"loc":{"start":{"line":106,"column":21},"end":{"line":166,"column":null}},"type":"binary-expr","locations":[{"start":{"line":106,"column":21},"end":{"line":106,"column":34}},{"start":{"line":106,"column":34},"end":{"line":166,"column":null}}],"line":106},"11":{"loc":{"start":{"line":108,"column":40},"end":{"line":108,"column":null}},"type":"binary-expr","locations":[{"start":{"line":108,"column":40},"end":{"line":108,"column":87}},{"start":{"line":108,"column":91},"end":{"line":108,"column":null}}],"line":108},"12":{"loc":{"start":{"line":116,"column":36},"end":{"line":116,"column":null}},"type":"cond-expr","locations":[{"start":{"line":116,"column":47},"end":{"line":116,"column":83}},{"start":{"line":116,"column":83},"end":{"line":116,"column":null}}],"line":116},"13":{"loc":{"start":{"line":121,"column":37},"end":{"line":130,"column":null}},"type":"cond-expr","locations":[{"start":{"line":122,"column":40},"end":{"line":127,"column":null}},{"start":{"line":127,"column":40},"end":{"line":130,"column":null}}],"line":121},"14":{"loc":{"start":{"line":124,"column":45},"end":{"line":124,"column":null}},"type":"cond-expr","locations":[{"start":{"line":124,"column":61},"end":{"line":124,"column":71}},{"start":{"line":124,"column":71},"end":{"line":124,"column":null}}],"line":124},"15":{"loc":{"start":{"line":136,"column":37},"end":{"line":141,"column":null}},"type":"cond-expr","locations":[{"start":{"line":137,"column":40},"end":{"line":139,"column":41}},{"start":{"line":139,"column":40},"end":{"line":141,"column":null}}],"line":136},"16":{"loc":{"start":{"line":147,"column":80},"end":{"line":147,"column":null}},"type":"cond-expr","locations":[{"start":{"line":147,"column":91},"end":{"line":147,"column":108}},{"start":{"line":147,"column":108},"end":{"line":147,"column":null}}],"line":147},"17":{"loc":{"start":{"line":112,"column":37},"end":{"line":112,"column":null}},"type":"binary-expr","locations":[{"start":{"line":112,"column":37},"end":{"line":112,"column":56}},{"start":{"line":112,"column":56},"end":{"line":112,"column":null}}],"line":112}},"s":{"0":5,"1":5,"2":5,"3":5,"4":5,"5":2,"6":2,"7":2,"8":2,"9":0,"10":2,"11":2,"12":5,"13":1,"14":1,"15":1,"16":1,"17":1,"18":1,"19":1,"20":1,"21":0,"22":1,"23":1,"24":0,"25":0,"26":0,"27":5,"28":0,"29":0,"30":0,"31":0,"32":5,"33":1,"34":0,"35":1,"36":1,"37":1,"38":1,"39":5,"40":1,"41":1,"42":1,"43":0,"44":1},"f":{"0":5,"1":2,"2":2,"3":1,"4":1,"5":0,"6":0,"7":0,"8":1,"9":1,"10":0,"11":1},"b":{"0":[1,0],"1":[0,0],"2":[0,1],"3":[5,5],"4":[5,0],"5":[1,4],"6":[5,1],"7":[1,0],"8":[5,2],"9":[5,3,2],"10":[5,3],"11":[1,0],"12":[0,1],"13":[0,1],"14":[0,0],"15":[1,0],"16":[0,1],"17":[1,0]},"meta":{"lastBranch":18,"lastFunction":12,"lastStatement":45,"seen":{"f:5:24:5:41":0,"s:6:22:6:50":0,"s:7:21:7:50":1,"s:8:25:8:58":2,"s:9:54:9:84":3,"s:11:4:23:Infinity":4,"f:11:4:11:20":1,"s:12:23:19:Infinity":5,"f:12:23:12:35":2,"s:13:12:19:Infinity":6,"s:14:28:14:107":7,"s:15:16:15:Infinity":8,"s:17:16:17:Infinity":9,"s:19:16:19:Infinity":10,"s:22:8:22:Infinity":11,"s:25:28:36:Infinity":12,"f:25:28:25:35":3,"s:26:8:26:Infinity":13,"s:27:8:36:Infinity":14,"s:28:12:28:Infinity":15,"s:29:27:29:71":16,"f:29:37:29:44":4,"s:29:49:29:71":17,"s:30:12:30:Infinity":18,"s:31:12:31:Infinity":19,"s:32:12:32:Infinity":20,"f:32:12:32:29":5,"s:32:29:32:50":21,"b:33:12:33:Infinity:undefined:undefined:undefined:undefined":0,"s:33:12:33:Infinity":22,"s:33:39:33:Infinity":23,"s:35:12:35:Infinity":24,"s:36:12:36:Infinity":25,"f:36:12:36:29":6,"s:36:29:36:50":26,"s:40:10:45:Infinity":27,"f:40:10:40:31":7,"s:41:25:41:Infinity":28,"b:42:8:45:Infinity:44:15:45:Infinity":1,"s:42:8:45:Infinity":29,"s:43:12:43:Infinity":30,"s:45:12:45:Infinity":31,"s:49:10:54:Infinity":32,"f:49:10:49:31":8,"b:50:8:50:Infinity:undefined:undefined:undefined:undefined":2,"s:50:8:50:Infinity":33,"s:50:17:50:Infinity":34,"s:51:20:51:41":35,"s:52:20:52:40":36,"s:53:18:53:51":37,"s:54:8:54:Infinity":38,"s:57:4:179:Infinity":39,"b:65:29:65:49:65:49:65:Infinity":3,"b:71:71:71:95:71:95:71:117":4,"b:73:73:73:85:73:85:73:Infinity":5,"b:85:17:85:Infinity:86:20:88:Infinity":6,"b:86:131:86:162:86:162:86:Infinity":7,"b:93:21:93:Infinity:94:24:96:Infinity":8,"b:99:21:99:34:99:34:99:Infinity:100:24:102:Infinity":9,"b:106:21:106:34:106:34:166:Infinity":10,"f:106:44:106:49":9,"s:107:41:107:Infinity":40,"s:108:40:108:Infinity":41,"b:108:40:108:87:108:91:108:Infinity":11,"s:110:24:166:Infinity":42,"f:113:32:113:47":10,"s:113:47:113:76":43,"b:116:47:116:83:116:83:116:Infinity":12,"b:122:40:127:Infinity:127:40:130:Infinity":13,"b:124:61:124:71:124:71:124:Infinity":14,"b:137:40:139:41:139:40:141:Infinity":15,"b:147:91:147:108:147:108:147:Infinity":16,"f:160:36:160:46":11,"s:160:52:160:87":44,"b:112:37:112:56:112:56:112:Infinity":17}}}
,"E:\\Cesde\\Proyecto integrador\\Sound_Stream\\src\\components\\music\\SongCard.jsx": {"path":"E:\\Cesde\\Proyecto integrador\\Sound_Stream\\src\\components\\music\\SongCard.jsx","statementMap":{"0":{"start":{"line":6,"column":54},"end":{"line":6,"column":84}},"1":{"start":{"line":7,"column":21},"end":{"line":7,"column":null}},"2":{"start":{"line":8,"column":26},"end":{"line":8,"column":61}},"3":{"start":{"line":10,"column":10},"end":{"line":13,"column":null}},"4":{"start":{"line":11,"column":8},"end":{"line":13,"column":null}},"5":{"start":{"line":16,"column":10},"end":{"line":21,"column":null}},"6":{"start":{"line":17,"column":8},"end":{"line":17,"column":null}},"7":{"start":{"line":17,"column":27},"end":{"line":17,"column":null}},"8":{"start":{"line":18,"column":30},"end":{"line":18,"column":61}},"9":{"start":{"line":19,"column":24},"end":{"line":19,"column":54}},"10":{"start":{"line":20,"column":25},"end":{"line":20,"column":68}},"11":{"start":{"line":21,"column":8},"end":{"line":21,"column":null}},"12":{"start":{"line":24,"column":23},"end":{"line":24,"column":null}},"13":{"start":{"line":25,"column":20},"end":{"line":25,"column":null}},"14":{"start":{"line":27,"column":4},"end":{"line":107,"column":null}},"15":{"start":{"line":87,"column":36},"end":{"line":87,"column":57}},"16":{"start":{"line":87,"column":57},"end":{"line":87,"column":null}},"17":{"start":{"line":104,"column":36},"end":{"line":104,"column":null}}},"fnMap":{"0":{"name":"SongCard","decl":{"start":{"line":5,"column":24},"end":{"line":5,"column":33}},"loc":{"start":{"line":5,"column":98},"end":{"line":107,"column":null}},"line":5},"1":{"name":"(anonymous_1)","decl":{"start":{"line":10,"column":10},"end":{"line":10,"column":30}},"loc":{"start":{"line":10,"column":30},"end":{"line":13,"column":null}},"line":10},"2":{"name":"(anonymous_2)","decl":{"start":{"line":16,"column":10},"end":{"line":16,"column":31}},"loc":{"start":{"line":16,"column":48},"end":{"line":21,"column":null}},"line":16},"3":{"name":"(anonymous_3)","decl":{"start":{"line":87,"column":20},"end":{"line":87,"column":29}},"loc":{"start":{"line":87,"column":34},"end":{"line":87,"column":null}},"line":87},"4":{"name":"(anonymous_4)","decl":{"start":{"line":104,"column":20},"end":{"line":104,"column":36}},"loc":{"start":{"line":104,"column":36},"end":{"line":104,"column":null}},"line":104}},"branchMap":{"0":{"loc":{"start":{"line":5,"column":41},"end":{"line":5,"column":59}},"type":"default-arg","locations":[{"start":{"line":5,"column":57},"end":{"line":5,"column":59}}],"line":5},"1":{"loc":{"start":{"line":5,"column":61},"end":{"line":5,"column":73}},"type":"default-arg","locations":[{"start":{"line":5,"column":70},"end":{"line":5,"column":73}}],"line":5},"2":{"loc":{"start":{"line":5,"column":73},"end":{"line":5,"column":98}},"type":"default-arg","locations":[{"start":{"line":5,"column":89},"end":{"line":5,"column":98}}],"line":5},"3":{"loc":{"start":{"line":11,"column":8},"end":{"line":13,"column":85}},"type":"cond-expr","locations":[{"start":{"line":12,"column":14},"end":{"line":12,"column":30}},{"start":{"line":13,"column":14},"end":{"line":13,"column":85}}],"line":11},"4":{"loc":{"start":{"line":13,"column":31},"end":{"line":13,"column":76}},"type":"cond-expr","locations":[{"start":{"line":13,"column":54},"end":{"line":13,"column":70}},{"start":{"line":13,"column":70},"end":{"line":13,"column":76}}],"line":13},"5":{"loc":{"start":{"line":17,"column":8},"end":{"line":17,"column":null}},"type":"if","locations":[{"start":{"line":17,"column":8},"end":{"line":17,"column":null}},{"start":{},"end":{}}],"line":17},"6":{"loc":{"start":{"line":24,"column":23},"end":{"line":24,"column":null}},"type":"binary-expr","locations":[{"start":{"line":24,"column":23},"end":{"line":24,"column":45}},{"start":{"line":24,"column":45},"end":{"line":24,"column":64}},{"start":{"line":24,"column":64},"end":{"line":24,"column":null}}],"line":24},"7":{"loc":{"start":{"line":25,"column":20},"end":{"line":25,"column":null}},"type":"binary-expr","locations":[{"start":{"line":25,"column":20},"end":{"line":25,"column":59}},{"start":{"line":25,"column":63},"end":{"line":25,"column":null}}],"line":25},"8":{"loc":{"start":{"line":33,"column":20},"end":{"line":33,"column":null}},"type":"cond-expr","locations":[{"start":{"line":33,"column":31},"end":{"line":33,"column":67}},{"start":{"line":33,"column":67},"end":{"line":33,"column":null}}],"line":33},"9":{"loc":{"start":{"line":38,"column":21},"end":{"line":53,"column":null}},"type":"cond-expr","locations":[{"start":{"line":39,"column":24},"end":{"line":44,"column":null}},{"start":{"line":44,"column":24},"end":{"line":53,"column":null}}],"line":38},"10":{"loc":{"start":{"line":41,"column":29},"end":{"line":41,"column":null}},"type":"cond-expr","locations":[{"start":{"line":41,"column":45},"end":{"line":41,"column":55}},{"start":{"line":41,"column":55},"end":{"line":41,"column":null}}],"line":41},"11":{"loc":{"start":{"line":45,"column":29},"end":{"line":50,"column":29}},"type":"binary-expr","locations":[{"start":{"line":45,"column":29},"end":{"line":45,"column":null}},{"start":{"line":46,"column":32},"end":{"line":50,"column":29}}],"line":45},"12":{"loc":{"start":{"line":47,"column":37},"end":{"line":47,"column":null}},"type":"binary-expr","locations":[{"start":{"line":47,"column":37},"end":{"line":47,"column":57}},{"start":{"line":47,"column":57},"end":{"line":47,"column":null}}],"line":47},"13":{"loc":{"start":{"line":50,"column":95},"end":{"line":50,"column":179}},"type":"cond-expr","locations":[{"start":{"line":50,"column":111},"end":{"line":50,"column":140}},{"start":{"line":50,"column":140},"end":{"line":50,"column":179}}],"line":50},"14":{"loc":{"start":{"line":59,"column":21},"end":{"line":64,"column":null}},"type":"cond-expr","locations":[{"start":{"line":60,"column":24},"end":{"line":62,"column":25}},{"start":{"line":62,"column":24},"end":{"line":64,"column":null}}],"line":59},"15":{"loc":{"start":{"line":70,"column":64},"end":{"line":70,"column":null}},"type":"cond-expr","locations":[{"start":{"line":70,"column":75},"end":{"line":70,"column":92}},{"start":{"line":70,"column":92},"end":{"line":70,"column":null}}],"line":70},"16":{"loc":{"start":{"line":74,"column":42},"end":{"line":74,"column":null}},"type":"cond-expr","locations":[{"start":{"line":74,"column":64},"end":{"line":74,"column":94}},{"start":{"line":74,"column":94},"end":{"line":74,"column":null}}],"line":74},"17":{"loc":{"start":{"line":79,"column":17},"end":{"line":82,"column":null}},"type":"binary-expr","locations":[{"start":{"line":79,"column":17},"end":{"line":79,"column":null}},{"start":{"line":80,"column":20},"end":{"line":82,"column":null}}],"line":79},"18":{"loc":{"start":{"line":101,"column":13},"end":{"line":107,"column":null}},"type":"binary-expr","locations":[{"start":{"line":101,"column":13},"end":{"line":101,"column":null}},{"start":{"line":102,"column":16},"end":{"line":107,"column":null}}],"line":101}},"s":{"0":15,"1":15,"2":15,"3":15,"4":1,"5":15,"6":15,"7":0,"8":15,"9":15,"10":15,"11":15,"12":15,"13":15,"14":15,"15":0,"16":0,"17":0},"f":{"0":15,"1":1,"2":15,"3":0,"4":0},"b":{"0":[15],"1":[15],"2":[15],"3":[0,1],"4":[0,1],"5":[0,15],"6":[15,0,0],"7":[15,0],"8":[1,14],"9":[1,14],"10":[1,0],"11":[14,14],"12":[14,14],"13":[14,0],"14":[15,0],"15":[1,14],"16":[0,15],"17":[15,2],"18":[15,0]},"meta":{"lastBranch":19,"lastFunction":5,"lastStatement":18,"seen":{"f:5:24:5:33":0,"b:5:57:5:59":0,"b:5:70:5:73":1,"b:5:89:5:98":2,"s:6:54:6:84":0,"s:7:21:7:Infinity":1,"s:8:26:8:61":2,"s:10:10:13:Infinity":3,"f:10:10:10:30":1,"s:11:8:13:Infinity":4,"b:12:14:12:30:13:14:13:85":3,"b:13:54:13:70:13:70:13:76":4,"s:16:10:21:Infinity":5,"f:16:10:16:31":2,"b:17:8:17:Infinity:undefined:undefined:undefined:undefined":5,"s:17:8:17:Infinity":6,"s:17:27:17:Infinity":7,"s:18:30:18:61":8,"s:19:24:19:54":9,"s:20:25:20:68":10,"s:21:8:21:Infinity":11,"s:24:23:24:Infinity":12,"b:24:23:24:45:24:45:24:64:24:64:24:Infinity":6,"s:25:20:25:Infinity":13,"b:25:20:25:59:25:63:25:Infinity":7,"s:27:4:107:Infinity":14,"b:33:31:33:67:33:67:33:Infinity":8,"b:39:24:44:Infinity:44:24:53:Infinity":9,"b:41:45:41:55:41:55:41:Infinity":10,"b:45:29:45:Infinity:46:32:50:29":11,"b:47:37:47:57:47:57:47:Infinity":12,"b:50:111:50:140:50:140:50:179":13,"b:60:24:62:25:62:24:64:Infinity":14,"b:70:75:70:92:70:92:70:Infinity":15,"b:74:64:74:94:74:94:74:Infinity":16,"b:79:17:79:Infinity:80:20:82:Infinity":17,"f:87:20:87:29":3,"s:87:36:87:57":15,"s:87:57:87:Infinity":16,"b:101:13:101:Infinity:102:16:107:Infinity":18,"f:104:20:104:36":4,"s:104:36:104:Infinity":17}}}
,"E:\\Cesde\\Proyecto integrador\\Sound_Stream\\src\\components\\music\\SongList.jsx": {"path":"E:\\Cesde\\Proyecto integrador\\Sound_Stream\\src\\components\\music\\SongList.jsx","statementMap":{"0":{"start":{"line":9,"column":4},"end":{"line":15,"column":null}},"1":{"start":{"line":10,"column":8},"end":{"line":15,"column":null}},"2":{"start":{"line":21,"column":4},"end":{"line":32,"column":null}},"3":{"start":{"line":24,"column":16},"end":{"line":30,"column":null}}},"fnMap":{"0":{"name":"SongList","decl":{"start":{"line":3,"column":24},"end":{"line":3,"column":33}},"loc":{"start":{"line":7,"column":3},"end":{"line":32,"column":null}},"line":7},"1":{"name":"(anonymous_1)","decl":{"start":{"line":23,"column":23},"end":{"line":23,"column":28}},"loc":{"start":{"line":24,"column":16},"end":{"line":30,"column":null}},"line":24}},"branchMap":{"0":{"loc":{"start":{"line":4,"column":4},"end":{"line":4,"column":18}},"type":"default-arg","locations":[{"start":{"line":4,"column":16},"end":{"line":4,"column":18}}],"line":4},"1":{"loc":{"start":{"line":5,"column":4},"end":{"line":5,"column":null}},"type":"default-arg","locations":[{"start":{"line":5,"column":20},"end":{"line":5,"column":null}}],"line":5},"2":{"loc":{"start":{"line":6,"column":4},"end":{"line":6,"column":null}},"type":"default-arg","locations":[{"start":{"line":6,"column":17},"end":{"line":6,"column":null}}],"line":6},"3":{"loc":{"start":{"line":9,"column":4},"end":{"line":15,"column":null}},"type":"if","locations":[{"start":{"line":9,"column":4},"end":{"line":15,"column":null}},{"start":{},"end":{}}],"line":9}},"s":{"0":14,"1":1,"2":13,"3":13},"f":{"0":14,"1":13},"b":{"0":[14],"1":[14],"2":[14],"3":[1,13]},"meta":{"lastBranch":4,"lastFunction":2,"lastStatement":4,"seen":{"f:3:24:3:33":0,"b:4:16:4:18":0,"b:5:20:5:Infinity":1,"b:6:17:6:Infinity":2,"b:9:4:15:Infinity:undefined:undefined:undefined:undefined":3,"s:9:4:15:Infinity":0,"s:10:8:15:Infinity":1,"s:21:4:32:Infinity":2,"f:23:23:23:28":1,"s:24:16:30:Infinity":3}}}
[...]
,"E:\\Cesde\\Proyecto integrador\\Sound_Stream\\src\\components\\player\\ProgressBar.jsx": {"path":"E:\\Cesde\\Proyecto integrador\\Sound_Stream\\src\\components\\player\\ProgressBar.jsx","statementMap":{"0":{"start":{"line":4,"column":32},"end":{"line":4,"column":63}},"1":{"start":{"line":6,"column":10},"end":{"line":10,"column":null}},"2":{"start":{"line":7,"column":8},"end":{"line":7,"column":null}},"3":{"start":{"line":7,"column":42},"end":{"line":7,"column":null}},"4":{"start":{"line":8,"column":24},"end":{"line":8,"column":49}},"5":{"start":{"line":9,"column":34},"end":{"line":9,"column":84}},"6":{"start":{"line":10,"column":8},"end":{"line":10,"column":null}},"7":{"start":{"line":13,"column":10},"end":{"line":16,"column":null}},"8":{"start":{"line":14,"column":21},"end":{"line":14,"column":60}},"9":{"start":{"line":15,"column":14},"end":{"line":15,"column":null}},"10":{"start":{"line":16,"column":8},"end":{"line":16,"column":null}},"11":{"start":{"line":19,"column":10},"end":{"line":21,"column":null}},"12":{"start":{"line":20,"column":8},"end":{"line":20,"column":null}},"13":{"start":{"line":20,"column":36},"end":{"line":20,"column":null}},"14":{"start":{"line":21,"column":8},"end":{"line":21,"column":null}},"15":{"start":{"line":21,"column":35},"end":{"line":21,"column":null}},"16":{"start":{"line":24,"column":4},"end":{"line":59,"column":null}}},"fnMap":{"0":{"name":"ProgressBar","decl":{"start":{"line":3,"column":24},"end":{"line":3,"column":38}},"loc":{"start":{"line":3,"column":38},"end":{"line":59,"column":null}},"line":3},"1":{"name":"(anonymous_1)","decl":{"start":{"line":6,"column":10},"end":{"line":6,"column":29}},"loc":{"start":{"line":6,"column":42},"end":{"line":10,"column":null}},"line":6},"2":{"name":"(anonymous_2)","decl":{"start":{"line":13,"column":10},"end":{"line":13,"column":25}},"loc":{"start":{"line":13,"column":31},"end":{"line":16,"column":null}},"line":13},"3":{"name":"(anonymous_3)","decl":{"start":{"line":19,"column":10},"end":{"line":19,"column":26}},"loc":{"start":{"line":19,"column":32},"end":{"line":21,"column":null}},"line":19}},"branchMap":{"0":{"loc":{"start":{"line":7,"column":8},"end":{"line":7,"column":null}},"type":"if","locations":[{"start":{"line":7,"column":8},"end":{"line":7,"column":null}},{"start":{},"end":{}}],"line":7},"1":{"loc":{"start":{"line":7,"column":12},"end":{"line":7,"column":40}},"type":"binary-expr","locations":[{"start":{"line":7,"column":12},"end":{"line":7,"column":25}},{"start":{"line":7,"column":25},"end":{"line":7,"column":40}}],"line":7},"2":{"loc":{"start":{"line":20,"column":8},"end":{"line":20,"column":null}},"type":"if","locations":[{"start":{"line":20,"column":8},"end":{"line":20,"column":null}},{"start":{},"end":{}}],"line":20},"3":{"loc":{"start":{"line":21,"column":8},"end":{"line":21,"column":null}},"type":"if","locations":[{"start":{"line":21,"column":8},"end":{"line":21,"column":null}},{"start":{},"end":{}}],"line":21}},"s":{"0":40,"1":40,"2":80,"3":78,"4":2,"5":2,"6":2,"7":40,"8":1,"9":1,"10":1,"11":40,"12":1,"13":1,"14":1,"15":0,"16":40},"f":{"0":40,"1":80,"2":1,"3":1},"b":{"0":[78,2],"1":[80,2],"2":[1,0],"3":[0,1]},"meta":{"lastBranch":4,"lastFunction":4,"lastStatement":17,"seen":{"f:3:24:3:38":0,"s:4:32:4:63":0,"s:6:10:10:Infinity":1,"f:6:10:6:29":1,"b:7:8:7:Infinity:undefined:undefined:undefined:undefined":0,"s:7:8:7:Infinity":2,"b:7:12:7:25:7:25:7:40":1,"s:7:42:7:Infinity":3,"s:8:24:8:49":4,"s:9:34:9:84":5,"s:10:8:10:Infinity":6,"s:13:10:16:Infinity":7,"f:13:10:13:25":2,"s:14:21:14:60":8,"s:15:14:15:Infinity":9,"s:16:8:16:Infinity":10,"s:19:10:21:Infinity":11,"f:19:10:19:26":3,"b:20:8:20:Infinity:undefined:undefined:undefined:undefined":2,"s:20:8:20:Infinity":12,"s:20:36:20:Infinity":13,"b:21:8:21:Infinity:undefined:undefined:undefined:undefined":3,"s:21:8:21:Infinity":14,"s:21:35:21:Infinity":15,"s:24:4:59:Infinity":16}}}
,"E:\\Cesde\\Proyecto integrador\\Sound_Stream\\src\\components\\player\\Volume.jsx": {"path":"E:\\Cesde\\Proyecto integrador\\Sound_Stream\\src\\components\\player\\Volume.jsx","statementMap":{"0":{"start":{"line":4,"column":21},"end":{"line":4,"column":51}},"1":{"start":{"line":5,"column":27},"end":{"line":5,"column":null}},"2":{"start":{"line":6,"column":18},"end":{"line":6,"column":null}},"3":{"start":{"line":8,"column":10},"end":{"line":11,"column":null}},"4":{"start":{"line":9,"column":21},"end":{"line":9,"column":60}},"5":{"start":{"line":10,"column":14},"end":{"line":10,"column":null}},"6":{"start":{"line":11,"column":8},"end":{"line":11,"column":null}},"7":{"start":{"line":14,"column":10},"end":{"line":16,"column":null}},"8":{"start":{"line":15,"column":8},"end":{"line":15,"column":null}},"9":{"start":{"line":15,"column":36},"end":{"line":15,"column":null}},"10":{"start":{"line":16,"column":8},"end":{"line":16,"column":null}},"11":{"start":{"line":16,"column":35},"end":{"line":16,"column":null}},"12":{"start":{"line":19,"column":4},"end":{"line":52,"column":null}},"13":{"start":{"line":23,"column":31},"end":{"line":23,"column":71}}},"fnMap":{"0":{"name":"Volume","decl":{"start":{"line":3,"column":24},"end":{"line":3,"column":33}},"loc":{"start":{"line":3,"column":33},"end":{"line":52,"column":null}},"line":3},"1":{"name":"(anonymous_1)","decl":{"start":{"line":8,"column":10},"end":{"line":8,"column":25}},"loc":{"start":{"line":8,"column":31},"end":{"line":11,"column":null}},"line":8},"2":{"name":"(anonymous_2)","decl":{"start":{"line":14,"column":10},"end":{"line":14,"column":26}},"loc":{"start":{"line":14,"column":32},"end":{"line":16,"column":null}},"line":14},"3":{"name":"(anonymous_3)","decl":{"start":{"line":23,"column":16},"end":{"line":23,"column":31}},"loc":{"start":{"line":23,"column":31},"end":{"line":23,"column":71}},"line":23}},"branchMap":{"0":{"loc":{"start":{"line":6,"column":18},"end":{"line":6,"column":null}},"type":"cond-expr","locations":[{"start":{"line":6,"column":35},"end":{"line":6,"column":50}},{"start":{"line":6,"column":50},"end":{"line":6,"column":null}}],"line":6},"1":{"loc":{"start":{"line":6,"column":50},"end":{"line":6,"column":null}},"type":"cond-expr","locations":[{"start":{"line":6,"column":66},"end":{"line":6,"column":82}},{"start":{"line":6,"column":82},"end":{"line":6,"column":null}}],"line":6},"2":{"loc":{"start":{"line":15,"column":8},"end":{"line":15,"column":null}},"type":"if","locations":[{"start":{"line":15,"column":8},"end":{"line":15,"column":null}},{"start":{},"end":{}}],"line":15},"3":{"loc":{"start":{"line":16,"column":8},"end":{"line":16,"column":null}},"type":"if","locations":[{"start":{"line":16,"column":8},"end":{"line":16,"column":null}},{"start":{},"end":{}}],"line":16},"4":{"loc":{"start":{"line":23,"column":46},"end":{"line":23,"column":71}},"type":"cond-expr","locations":[{"start":{"line":23,"column":63},"end":{"line":23,"column":69}},{"start":{"line":23,"column":69},"end":{"line":23,"column":71}}],"line":23},"5":{"loc":{"start":{"line":24,"column":28},"end":{"line":24,"column":null}},"type":"cond-expr","locations":[{"start":{"line":24,"column":45},"end":{"line":24,"column":57}},{"start":{"line":24,"column":57},"end":{"line":24,"column":null}}],"line":24}},"s":{"0":40,"1":40,"2":40,"3":40,"4":1,"5":1,"6":1,"7":40,"8":1,"9":0,"10":1,"11":1,"12":40,"13":0},"f":{"0":40,"1":1,"2":1,"3":0},"b":{"0":[0,40],"1":[1,39],"2":[0,1],"3":[1,0],"4":[0,0],"5":[0,40]},"meta":{"lastBranch":6,"lastFunction":4,"lastStatement":14,"seen":{"f:3:24:3:33":0,"s:4:21:4:51":0,"s:5:27:5:Infinity":1,"s:6:18:6:Infinity":2,"b:6:35:6:50:6:50:6:Infinity":0,"b:6:66:6:82:6:82:6:Infinity":1,"s:8:10:11:Infinity":3,"f:8:10:8:25":1,"s:9:21:9:60":4,"s:10:14:10:Infinity":5,"s:11:8:11:Infinity":6,"s:14:10:16:Infinity":7,"f:14:10:14:26":2,"b:15:8:15:Infinity:undefined:undefined:undefined:undefined":2,"s:15:8:15:Infinity":8,"s:15:36:15:Infinity":9,"b:16:8:16:Infinity:undefined:undefined:undefined:undefined":3,"s:16:8:16:Infinity":10,"s:16:35:16:Infinity":11,"s:19:4:52:Infinity":12,"f:23:16:23:31":3,"s:23:31:23:71":13,"b:23:63:23:69:23:69:23:71":4,"b:24:45:24:57:24:57:24:Infinity":5}}}
,"E:\\Cesde\\Proyecto integrador\\Sound_Stream\\src\\components\\routes\\AppRouter.jsx": {"path":"E:\\Cesde\\Proyecto integrador\\Sound_Stream\\src\\components\\routes\\AppRouter.jsx","statementMap":{"0":{"start":{"line":11,"column":28},"end":{"line":11,"column":null}},"1":{"start":{"line":13,"column":10},"end":{"line":14,"column":null}},"2":{"start":{"line":14,"column":8},"end":{"line":14,"column":null}},"3":{"start":{"line":17,"column":10},"end":{"line":19,"column":null}},"4":{"start":{"line":18,"column":8},"end":{"line":18,"column":null}},"5":{"start":{"line":19,"column":8},"end":{"line":19,"column":null}},"6":{"start":{"line":22,"column":4},"end":{"line":34,"column":null}}},"fnMap":{"0":{"name":"AppRouter","decl":{"start":{"line":10,"column":24},"end":{"line":10,"column":36}},"loc":{"start":{"line":10,"column":36},"end":{"line":34,"column":null}},"line":10},"1":{"name":"(anonymous_1)","decl":{"start":{"line":13,"column":10},"end":{"line":13,"column":30}},"loc":{"start":{"line":13,"column":30},"end":{"line":14,"column":null}},"line":13},"2":{"name":"(anonymous_2)","decl":{"start":{"line":17,"column":10},"end":{"line":17,"column":31}},"loc":{"start":{"line":17,"column":31},"end":{"line":19,"column":null}},"line":17}},"branchMap":{"0":{"loc":{"start":{"line":26,"column":46},"end":{"line":26,"column":127}},"type":"cond-expr","locations":[{"start":{"line":26,"column":64},"end":{"line":26,"column":93}},{"start":{"line":26,"column":92},"end":{"line":26,"column":127}}],"line":26},"1":{"loc":{"start":{"line":27,"column":49},"end":{"line":27,"column":111}},"type":"cond-expr","locations":[{"start":{"line":27,"column":67},"end":{"line":27,"column":96}},{"start":{"line":27,"column":95},"end":{"line":27,"column":111}}],"line":27},"2":{"loc":{"start":{"line":28,"column":47},"end":{"line":28,"column":130}},"type":"cond-expr","locations":[{"start":{"line":28,"column":65},"end":{"line":28,"column":103}},{"start":{"line":28,"column":102},"end":{"line":28,"column":130}}],"line":28},"3":{"loc":{"start":{"line":29,"column":47},"end":{"line":29,"column":130}},"type":"cond-expr","locations":[{"start":{"line":29,"column":65},"end":{"line":29,"column":103}},{"start":{"line":29,"column":102},"end":{"line":29,"column":130}}],"line":29},"4":{"loc":{"start":{"line":30,"column":47},"end":{"line":30,"column":130}},"type":"cond-expr","locations":[{"start":{"line":30,"column":65},"end":{"line":30,"column":103}},{"start":{"line":30,"column":102},"end":{"line":30,"column":130}}],"line":30},"5":{"loc":{"start":{"line":31,"column":51},"end":{"line":31,"column":138}},"type":"cond-expr","locations":[{"start":{"line":31,"column":69},"end":{"line":31,"column":111}},{"start":{"line":31,"column":110},"end":{"line":31,"column":138}}],"line":31}},"s":{"0":12,"1":12,"2":1,"3":12,"4":1,"5":1,"6":12},"f":{"0":12,"1":1,"2":1},"b":{"0":[6,6],"1":[6,6],"2":[6,6],"3":[6,6],"4":[6,6],"5":[6,6]},"meta":{"lastBranch":6,"lastFunction":3,"lastStatement":7,"seen":{"f:10:24:10:36":0,"s:11:28:11:Infinity":0,"s:13:10:14:Infinity":1,"f:13:10:13:30":1,"s:14:8:14:Infinity":2,"s:17:10:19:Infinity":3,"f:17:10:17:31":2,"s:18:8:18:Infinity":4,"s:19:8:19:Infinity":5,"s:22:4:34:Infinity":6,"b:26:64:26:93:26:92:26:127":0,"b:27:67:27:96:27:95:27:111":1,"b:28:65:28:103:28:102:28:130":2,"b:29:65:29:103:29:102:29:130":3,"b:30:65:30:103:30:102:30:130":4,"b:31:69:31:111:31:110:31:138":5}}}
,"E:\\Cesde\\Proyecto integrador\\Sound_Stream\\src\\components\\styles\\global.css": {"path":"E:\\Cesde\\Proyecto integrador\\Sound_Stream\\src\\components\\styles\\global.css","statementMap":{},"fnMap":{},"branchMap":{},"s":{},"f":{},"b":{},"meta":{"lastBranch":0,"lastFunction":0,"lastStatement":0,"seen":{}}}
,"E:\\Cesde\\Proyecto integrador\\Sound_Stream\\src\\components\\ui\\Button.jsx": {"path":"E:\\Cesde\\Proyecto integrador\\Sound_Stream\\src\\components\\ui\\Button.jsx","statementMap":{"0":{"start":{"line":2,"column":15},"end":{"line":2,"column":null}},"1":{"start":{"line":4,"column":19},"end":{"line":8,"column":null}},"2":{"start":{"line":10,"column":2},"end":{"line":13,"column":null}}},"fnMap":{"0":{"name":"Button","decl":{"start":{"line":1,"column":24},"end":{"line":1,"column":31}},"loc":{"start":{"line":1,"column":86},"end":{"line":13,"column":null}},"line":1}},"branchMap":{"0":{"loc":{"start":{"line":1,"column":33},"end":{"line":1,"column":53}},"type":"default-arg","locations":[{"start":{"line":1,"column":44},"end":{"line":1,"column":53}}],"line":1},"1":{"loc":{"start":{"line":1,"column":53},"end":{"line":1,"column":74}},"type":"default-arg","locations":[{"start":{"line":1,"column":63},"end":{"line":1,"column":74}}],"line":1},"2":{"loc":{"start":{"line":11,"column":34},"end":{"line":11,"column":75}},"type":"binary-expr","locations":[{"start":{"line":11,"column":34},"end":{"line":11,"column":55}},{"start":{"line":11,"column":55},"end":{"line":11,"column":75}}],"line":11}},"s":{"0":1,"1":1,"2":1},"f":{"0":1},"b":{"0":[1],"1":[1],"2":[1,0]},"meta":{"lastBranch":3,"lastFunction":1,"lastStatement":3,"seen":{"f:1:24:1:31":0,"b:1:44:1:53":0,"b:1:63:1:74":1,"s:2:15:2:Infinity":0,"s:4:19:8:Infinity":1,"s:10:2:13:Infinity":2,"b:11:34:11:55:11:55:11:75":2}}}
,"E:\\Cesde\\Proyecto integrador\\Sound_Stream\\src\\components\\ui\\Input.jsx": {"path":"E:\\Cesde\\Proyecto integrador\\Sound_Stream\\src\\components\\ui\\Input.jsx","statementMap":{"0":{"start":{"line":2,"column":2},"end":{"line":14,"column":null}}},"fnMap":{"0":{"name":"Input","decl":{"start":{"line":1,"column":24},"end":{"line":1,"column":30}},"loc":{"start":{"line":1,"column":83},"end":{"line":14,"column":null}},"line":1}},"branchMap":{"0":{"loc":{"start":{"line":1,"column":32},"end":{"line":1,"column":65}},"type":"default-arg","locations":[{"start":{"line":1,"column":46},"end":{"line":1,"column":65}}],"line":1},"1":{"loc":{"start":{"line":4,"column":7},"end":{"line":9,"column":7}},"type":"binary-expr","locations":[{"start":{"line":4,"column":7},"end":{"line":4,"column":null}},{"start":{"line":5,"column":8},"end":{"line":9,"column":7}}],"line":4},"2":{"loc":{"start":{"line":12,"column":38},"end":{"line":12,"column":null}},"type":"cond-expr","locations":[{"start":{"line":12,"column":45},"end":{"line":12,"column":56}},{"start":{"line":12,"column":56},"end":{"line":12,"column":null}}],"line":12}},"s":{"0":1},"f":{"0":1},"b":{"0":[1],"1":[1,1],"2":[1,0]},"meta":{"lastBranch":3,"lastFunction":1,"lastStatement":1,"seen":{"f:1:24:1:30":0,"b:1:46:1:65":0,"s:2:2:14:Infinity":0,"b:4:7:4:Infinity:5:8:9:7":1,"b:12:45:12:56:12:56:12:Infinity":2}}}
,"E:\\Cesde\\Proyecto integrador\\Sound_Stream\\src\\components\\ui\\Loader.jsx": {"path":"E:\\Cesde\\Proyecto integrador\\Sound_Stream\\src\\components\\ui\\Loader.jsx","statementMap":{"0":{"start":{"line":2,"column":2},"end":{"line":5,"column":null}}},"fnMap":{"0":{"name":"Loader","decl":{"start":{"line":1,"column":24},"end":{"line":1,"column":31}},"loc":{"start":{"line":1,"column":55},"end":{"line":5,"column":null}},"line":1}},"branchMap":{"0":{"loc":{"start":{"line":1,"column":33},"end":{"line":1,"column":55}},"type":"default-arg","locations":[{"start":{"line":1,"column":40},"end":{"line":1,"column":55}}],"line":1}},"s":{"0":14},"f":{"0":14},"b":{"0":[14]},"meta":{"lastBranch":1,"lastFunction":1,"lastStatement":1,"seen":{"f:1:24:1:31":0,"b:1:40:1:55":0,"s:2:2:5:Infinity":0}}}
,"E:\\Cesde\\Proyecto integrador\\Sound_Stream\\src\\components\\ui\\Modal.jsx": {"path":"E:\\Cesde\\Proyecto integrador\\Sound_Stream\\src\\components\\ui\\Modal.jsx","statementMap":{"0":{"start":{"line":3,"column":4},"end":{"line":12,"column":null}},"1":{"start":{"line":16,"column":2},"end":{"line":16,"column":null}},"2":{"start":{"line":16,"column":16},"end":{"line":16,"column":null}},"3":{"start":{"line":18,"column":2},"end":{"line":21,"column":null}}},"fnMap":{"0":{"name":"Modal","decl":{"start":{"line":1,"column":24},"end":{"line":1,"column":30}},"loc":{"start":{"line":1,"column":77},"end":{"line":21,"column":null}},"line":1}},"branchMap":{"0":{"loc":{"start":{"line":1,"column":32},"end":{"line":1,"column":49}},"type":"default-arg","locations":[{"start":{"line":1,"column":40},"end":{"line":1,"column":49}}],"line":1},"1":{"loc":{"start":{"line":1,"column":59},"end":{"line":1,"column":77}},"type":"default-arg","locations":[{"start":{"line":1,"column":69},"end":{"line":1,"column":77}}],"line":1},"2":{"loc":{"start":{"line":11,"column":9},"end":{"line":11,"column":null}},"type":"binary-expr","locations":[{"start":{"line":11,"column":9},"end":{"line":11,"column":21}},{"start":{"line":11,"column":21},"end":{"line":11,"column":null}}],"line":11},"3":{"loc":{"start":{"line":16,"column":2},"end":{"line":16,"column":null}},"type":"if","locations":[{"start":{"line":16,"column":2},"end":{"line":16,"column":null}},{"start":{},"end":{}}],"line":16}},"s":{"0":1,"1":1,"2":0,"3":1},"f":{"0":1},"b":{"0":[1],"1":[1],"2":[1,0],"3":[0,1]},"meta":{"lastBranch":4,"lastFunction":1,"lastStatement":4,"seen":{"f:1:24:1:30":0,"b:1:40:1:49":0,"b:1:69:1:77":1,"s:3:4:12:Infinity":0,"b:11:9:11:21:11:21:11:Infinity":2,"b:16:2:16:Infinity:undefined:undefined:undefined:undefined":3,"s:16:2:16:Infinity":1,"s:16:16:16:Infinity":2,"s:18:2:21:Infinity":3}}}
,"E:\\Cesde\\Proyecto integrador\\Sound_Stream\\src\\components\\ui\\Notificacion.jsx": {"path":"E:\\Cesde\\Proyecto integrador\\Sound_Stream\\src\\components\\ui\\Notificacion.jsx","statementMap":{"0":{"start":{"line":2,"column":18},"end":{"line":2,"column":null}},"1":{"start":{"line":3,"column":19},"end":{"line":3,"column":null}},"2":{"start":{"line":5,"column":2},"end":{"line":15,"column":null}}},"fnMap":{"0":{"name":"Notificacion","decl":{"start":{"line":1,"column":24},"end":{"line":1,"column":37}},"loc":{"start":{"line":1,"column":118},"end":{"line":15,"column":null}},"line":1}},"branchMap":{"0":{"loc":{"start":{"line":1,"column":39},"end":{"line":1,"column":55}},"type":"default-arg","locations":[{"start":{"line":1,"column":46},"end":{"line":1,"column":55}}],"line":1},"1":{"loc":{"start":{"line":1,"column":55},"end":{"line":1,"column":86}},"type":"default-arg","locations":[{"start":{"line":1,"column":65},"end":{"line":1,"column":86}}],"line":1},"2":{"loc":{"start":{"line":1,"column":86},"end":{"line":1,"column":100}},"type":"default-arg","locations":[{"start":{"line":1,"column":94},"end":{"line":1,"column":100}}],"line":1},"3":{"loc":{"start":{"line":1,"column":100},"end":{"line":1,"column":118}},"type":"default-arg","locations":[{"start":{"line":1,"column":112},"end":{"line":1,"column":118}}],"line":1},"4":{"loc":{"start":{"line":3,"column":19},"end":{"line":3,"column":null}},"type":"cond-expr","locations":[{"start":{"line":3,"column":27},"end":{"line":3,"column":57}},{"start":{"line":3,"column":57},"end":{"line":3,"column":null}}],"line":3},"5":{"loc":{"start":{"line":7,"column":95},"end":{"line":9,"column":null}},"type":"cond-expr","locations":[{"start":{"line":8,"column":10},"end":{"line":8,"column":null}},{"start":{"line":9,"column":10},"end":{"line":9,"column":null}}],"line":7},"6":{"loc":{"start":{"line":13,"column":9},"end":{"line":13,"column":null}},"type":"cond-expr","locations":[{"start":{"line":13,"column":19},"end":{"line":13,"column":36}},{"start":{"line":13,"column":36},"end":{"line":13,"column":null}}],"line":13}},"s":{"0":9,"1":9,"2":9},"f":{"0":9},"b":{"0":[9],"1":[9],"2":[9],"3":[9],"4":[7,2],"5":[7,2],"6":[7,2]},"meta":{"lastBranch":7,"lastFunction":1,"lastStatement":3,"seen":{"f:1:24:1:37":0,"b:1:46:1:55":0,"b:1:65:1:86":1,"b:1:94:1:100":2,"b:1:112:1:118":3,"s:2:18:2:Infinity":0,"s:3:19:3:Infinity":1,"b:3:27:3:57:3:57:3:Infinity":4,"s:5:2:15:Infinity":2,"b:8:10:8:Infinity:9:10:9:Infinity":5,"b:13:19:13:36:13:36:13:Infinity":6}}}
}
